Using pre-set license
Built from '2020.3/release' branch; Version is '2020.3.7f1 (dd97f2c94397) revision 14522354'; Using compiler version '192528614'; Build Type 'Release'
OS: 'Windows 10 Home Single Language; OS build 19042.1052; Version 2009; 64bit' Language: 'en' Physical Memory: 12139 MB
BatchMode: 1, IsHumanControllingUs: 0, StartBugReporterOnCrash: 0, Is64bit: 1, IsPro: 0

 COMMAND LINE ARGUMENTS:
E:\set_up\unity\unity\2020.3.7f1\Editor\Unity.exe
-adb2
-batchMode
-noUpm
-name
AssetImportWorker0
-projectPath
D:/ky_5/game_2d_nang_cao/code/Buoi2
-logFile
Logs/AssetImportWorker0.log
-srvPort
54600
Successfully changed project path to: D:/ky_5/game_2d_nang_cao/code/Buoi2
D:/ky_5/game_2d_nang_cao/code/Buoi2
Using Asset Import Pipeline V2.
Refreshing native plugins compatible for Editor in 124.85 ms, found 1 plugins.
Preloading 0 native plugins for Editor in 0.00 ms.
Initialize engine version: 2020.3.7f1 (dd97f2c94397)
[Subsystems] Discovering subsystems at path E:/set_up/unity/unity/2020.3.7f1/Editor/Data/Resources/UnitySubsystems
[Subsystems] Discovering subsystems at path D:/ky_5/game_2d_nang_cao/code/Buoi2/Assets
GfxDevice: creating device client; threaded=0
Direct3D:
    Version:  Direct3D 11.0 [level 11.1]
    Renderer: Intel(R) UHD Graphics 620 (ID=0x3ea0)
    Vendor:   
    VRAM:     6069 MB
    Driver:   27.20.100.8681
Initialize mono
Mono path[0] = 'E:/set_up/unity/unity/2020.3.7f1/Editor/Data/Managed'
Mono path[1] = 'E:/set_up/unity/unity/2020.3.7f1/Editor/Data/MonoBleedingEdge/lib/mono/unityjit'
Mono config path = 'E:/set_up/unity/unity/2020.3.7f1/Editor/Data/MonoBleedingEdge/etc'
Using monoOptions --debugger-agent=transport=dt_socket,embedding=1,server=y,suspend=n,address=127.0.0.1:56620
Begin MonoManager ReloadAssembly
Registering precompiled unity dll's ...
Register platform support module: E:/set_up/unity/unity/2020.3.7f1/Editor/Data/PlaybackEngines/WindowsStandaloneSupport/UnityEditor.WindowsStandalone.Extensions.dll
Registered in 0.004106 seconds.
Native extension for WindowsStandalone target not found
Refreshing native plugins compatible for Editor in 76.04 ms, found 1 plugins.
Preloading 0 native plugins for Editor in 0.00 ms.
Mono: successfully reloaded assembly
- Completed reload, in  3.166 seconds
Platform modules already initialized, skipping
Registering precompiled user dll's ...
Registered in 0.002248 seconds.
Begin MonoManager ReloadAssembly
Native extension for WindowsStandalone target not found
Refreshing native plugins compatible for Editor in 80.71 ms, found 1 plugins.
Preloading 0 native plugins for Editor in 0.00 ms.
Mono: successfully reloaded assembly
- Completed reload, in  2.040 seconds
Platform modules already initialized, skipping
========================================================================
Worker process is ready to serve import requests
Launched and connected shader compiler UnityShaderCompiler.exe after 0.13 seconds
Refreshing native plugins compatible for Editor in 0.48 ms, found 1 plugins.
Preloading 0 native plugins for Editor in 0.00 ms.
Unloading 1808 Unused Serialized files (Serialized files now loaded: 0)
System memory in use before: 84.9 MB.
System memory in use after: 84.8 MB.

Unloading 24 unused Assets to reduce memory usage. Loaded Objects now: 2250.
Total: 6.013100 ms (FindLiveObjects: 0.274100 ms CreateObjectMapping: 0.105800 ms MarkObjects: 5.420800 ms  DeleteObjects: 0.210500 ms)

========================================================================
Received Import Request.
  path: Assets
  artifactKey: Guid(00000000000000001000000000000000) Importer(815301076,1909f56bfc062723c751e8b465ee728b)
Start importing Assets using Guid(00000000000000001000000000000000) Importer(815301076,1909f56bfc062723c751e8b465ee728b)  -> (artifact id: '5f6a1853b736837ecfb0820a881449cb') in 0.017684 seconds
  Import took 0.024825 seconds .

========================================================================
Received Import Request.
  Time since last request: 9.368161 seconds.
  path: Assets/GUIController.cs
  artifactKey: Guid(93a60a211efde6748a2e549a90bdb8bd) Importer(815301076,1909f56bfc062723c751e8b465ee728b)
Start importing Assets/GUIController.cs using Guid(93a60a211efde6748a2e549a90bdb8bd) Importer(815301076,1909f56bfc062723c751e8b465ee728b)  -> (artifact id: '3493b8cf572f10321d22ed84201e7256') in 0.134183 seconds
  Import took 0.141587 seconds .

========================================================================
Received Prepare
Registering precompiled user dll's ...
Registered in 0.002378 seconds.
Begin MonoManager ReloadAssembly
Native extension for WindowsStandalone target not found
Refreshing native plugins compatible for Editor in 0.64 ms, found 1 plugins.
Preloading 0 native plugins for Editor in 0.00 ms.
Mono: successfully reloaded assembly
- Completed reload, in  2.424 seconds
Platform modules already initialized, skipping
Refreshing native plugins compatible for Editor in 0.74 ms, found 1 plugins.
Preloading 0 native plugins for Editor in 0.00 ms.
Unloading 1804 Unused Serialized files (Serialized files now loaded: 0)
System memory in use before: 84.8 MB.
System memory in use after: 84.8 MB.

Unloading 12 unused Assets to reduce memory usage. Loaded Objects now: 2255.
Total: 4.104300 ms (FindLiveObjects: 0.393600 ms CreateObjectMapping: 0.256200 ms MarkObjects: 3.267300 ms  DeleteObjects: 0.184500 ms)

========================================================================
Received Prepare
Registering precompiled user dll's ...
Registered in 0.001784 seconds.
Begin MonoManager ReloadAssembly
Native extension for WindowsStandalone target not found
Refreshing native plugins compatible for Editor in 0.47 ms, found 1 plugins.
Preloading 0 native plugins for Editor in 0.00 ms.
Mono: successfully reloaded assembly
- Completed reload, in  1.905 seconds
Platform modules already initialized, skipping
Refreshing native plugins compatible for Editor in 0.50 ms, found 1 plugins.
Preloading 0 native plugins for Editor in 0.00 ms.
Unloading 1804 Unused Serialized files (Serialized files now loaded: 0)
System memory in use before: 84.9 MB.
System memory in use after: 84.8 MB.

Unloading 12 unused Assets to reduce memory usage. Loaded Objects now: 2259.
Total: 3.158300 ms (FindLiveObjects: 0.212300 ms CreateObjectMapping: 0.112300 ms MarkObjects: 2.697300 ms  DeleteObjects: 0.135000 ms)

========================================================================
Received Import Request.
  Time since last request: 118.254332 seconds.
  path: Assets/GUIController.cs
  artifactKey: Guid(93a60a211efde6748a2e549a90bdb8bd) Importer(815301076,1909f56bfc062723c751e8b465ee728b)
Start importing Assets/GUIController.cs using Guid(93a60a211efde6748a2e549a90bdb8bd) Importer(815301076,1909f56bfc062723c751e8b465ee728b)  -> (artifact id: '454acce1cad341069db446c201424326') in 0.008828 seconds
  Import took 0.018515 seconds .

========================================================================
Received Prepare
Registering precompiled user dll's ...
Registered in 0.002243 seconds.
Begin MonoManager ReloadAssembly
Native extension for WindowsStandalone target not found
Refreshing native plugins compatible for Editor in 0.45 ms, found 1 plugins.
Preloading 0 native plugins for Editor in 0.00 ms.
Mono: successfully reloaded assembly
- Completed reload, in  2.271 seconds
Platform modules already initialized, skipping
Refreshing native plugins compatible for Editor in 0.68 ms, found 1 plugins.
Preloading 0 native plugins for Editor in 0.00 ms.
Unloading 1804 Unused Serialized files (Serialized files now loaded: 0)
System memory in use before: 84.9 MB.
System memory in use after: 84.9 MB.

Unloading 12 unused Assets to reduce memory usage. Loaded Objects now: 2263.
Total: 3.956600 ms (FindLiveObjects: 0.307900 ms CreateObjectMapping: 0.129700 ms MarkObjects: 3.259800 ms  DeleteObjects: 0.257200 ms)

========================================================================
Received Prepare
Registering precompiled user dll's ...
Registered in 0.001705 seconds.
Begin MonoManager ReloadAssembly
Native extension for WindowsStandalone target not found
Refreshing native plugins compatible for Editor in 0.55 ms, found 1 plugins.
Preloading 0 native plugins for Editor in 0.00 ms.
Mono: successfully reloaded assembly
- Completed reload, in  2.587 seconds
Platform modules already initialized, skipping
Refreshing native plugins compatible for Editor in 0.58 ms, found 1 plugins.
Preloading 0 native plugins for Editor in 0.00 ms.
Unloading 1804 Unused Serialized files (Serialized files now loaded: 0)
System memory in use before: 84.9 MB.
System memory in use after: 84.9 MB.

Unloading 12 unused Assets to reduce memory usage. Loaded Objects now: 2267.
Total: 3.604600 ms (FindLiveObjects: 0.384500 ms CreateObjectMapping: 0.163100 ms MarkObjects: 2.876400 ms  DeleteObjects: 0.178800 ms)

========================================================================
Received Prepare
Registering precompiled user dll's ...
Registered in 0.002109 seconds.
Begin MonoManager ReloadAssembly
Native extension for WindowsStandalone target not found
Refreshing native plugins compatible for Editor in 0.78 ms, found 1 plugins.
Preloading 0 native plugins for Editor in 0.00 ms.
Mono: successfully reloaded assembly
- Completed reload, in  3.188 seconds
Platform modules already initialized, skipping
Refreshing native plugins compatible for Editor in 0.63 ms, found 1 plugins.
Preloading 0 native plugins for Editor in 0.00 ms.
Unloading 1804 Unused Serialized files (Serialized files now loaded: 0)
System memory in use before: 84.9 MB.
System memory in use after: 84.9 MB.

Unloading 12 unused Assets to reduce memory usage. Loaded Objects now: 2271.
Total: 5.790100 ms (FindLiveObjects: 0.995600 ms CreateObjectMapping: 0.712500 ms MarkObjects: 3.893500 ms  DeleteObjects: 0.181300 ms)

========================================================================
Received Prepare
Registering precompiled user dll's ...
Registered in 0.003103 seconds.
Begin MonoManager ReloadAssembly
Native extension for WindowsStandalone target not found
Refreshing native plugins compatible for Editor in 0.52 ms, found 1 plugins.
Preloading 0 native plugins for Editor in 0.00 ms.
Mono: successfully reloaded assembly
- Completed reload, in  2.404 seconds
Platform modules already initialized, skipping
Refreshing native plugins compatible for Editor in 0.55 ms, found 1 plugins.
Preloading 0 native plugins for Editor in 0.00 ms.
Unloading 1804 Unused Serialized files (Serialized files now loaded: 0)
System memory in use before: 84.9 MB.
System memory in use after: 84.9 MB.

Unloading 12 unused Assets to reduce memory usage. Loaded Objects now: 2275.
Total: 9.464000 ms (FindLiveObjects: 0.533400 ms CreateObjectMapping: 0.200300 ms MarkObjects: 8.372500 ms  DeleteObjects: 0.355300 ms)

========================================================================
Received Prepare
Registering precompiled user dll's ...
Registered in 0.001228 seconds.
Begin MonoManager ReloadAssembly
Native extension for WindowsStandalone target not found
Refreshing native plugins compatible for Editor in 2.53 ms, found 1 plugins.
Preloading 0 native plugins for Editor in 0.00 ms.
Mono: successfully reloaded assembly
- Completed reload, in  4.457 seconds
Platform modules already initialized, skipping
Refreshing native plugins compatible for Editor in 0.86 ms, found 1 plugins.
Preloading 0 native plugins for Editor in 0.00 ms.
Unloading 1804 Unused Serialized files (Serialized files now loaded: 0)
System memory in use before: 84.9 MB.
System memory in use after: 84.9 MB.

Unloading 12 unused Assets to reduce memory usage. Loaded Objects now: 2279.
Total: 13.102000 ms (FindLiveObjects: 3.901100 ms CreateObjectMapping: 0.514100 ms MarkObjects: 8.059300 ms  DeleteObjects: 0.619700 ms)

========================================================================
Received Prepare
Registering precompiled user dll's ...
Registered in 0.001382 seconds.
Begin MonoManager ReloadAssembly
Native extension for WindowsStandalone target not found
Refreshing native plugins compatible for Editor in 0.84 ms, found 1 plugins.
Preloading 0 native plugins for Editor in 0.00 ms.
Mono: successfully reloaded assembly
- Completed reload, in  2.916 seconds
Platform modules already initialized, skipping
Refreshing native plugins compatible for Editor in 0.67 ms, found 1 plugins.
Preloading 0 native plugins for Editor in 0.00 ms.
Unloading 1804 Unused Serialized files (Serialized files now loaded: 0)
System memory in use before: 85.0 MB.
System memory in use after: 84.9 MB.

Unloading 12 unused Assets to reduce memory usage. Loaded Objects now: 2283.
Total: 7.222600 ms (FindLiveObjects: 0.562200 ms CreateObjectMapping: 0.339500 ms MarkObjects: 6.098700 ms  DeleteObjects: 0.219100 ms)

========================================================================
Received Prepare
Registering precompiled user dll's ...
Registered in 0.001363 seconds.
Begin MonoManager ReloadAssembly
Native extension for WindowsStandalone target not found
Refreshing native plugins compatible for Editor in 1.03 ms, found 1 plugins.
Preloading 0 native plugins for Editor in 0.00 ms.
Mono: successfully reloaded assembly
- Completed reload, in  2.799 seconds
Platform modules already initialized, skipping
Refreshing native plugins compatible for Editor in 1.00 ms, found 1 plugins.
Preloading 0 native plugins for Editor in 0.00 ms.
Unloading 1804 Unused Serialized files (Serialized files now loaded: 0)
System memory in use before: 85.0 MB.
System memory in use after: 84.9 MB.

Unloading 12 unused Assets to reduce memory usage. Loaded Objects now: 2287.
Total: 6.747500 ms (FindLiveObjects: 0.891500 ms CreateObjectMapping: 0.421600 ms MarkObjects: 5.192400 ms  DeleteObjects: 0.235100 ms)

========================================================================
Received Prepare
Registering precompiled user dll's ...
Registered in 0.001615 seconds.
Begin MonoManager ReloadAssembly
Native extension for WindowsStandalone target not found
Refreshing native plugins compatible for Editor in 1.01 ms, found 1 plugins.
Preloading 0 native plugins for Editor in 0.00 ms.
Mono: successfully reloaded assembly
- Completed reload, in  2.947 seconds
Platform modules already initialized, skipping
Refreshing native plugins compatible for Editor in 0.68 ms, found 1 plugins.
Preloading 0 native plugins for Editor in 0.00 ms.
Unloading 1804 Unused Serialized files (Serialized files now loaded: 0)
System memory in use before: 85.0 MB.
System memory in use after: 84.9 MB.

Unloading 12 unused Assets to reduce memory usage. Loaded Objects now: 2291.
Total: 7.822600 ms (FindLiveObjects: 0.673600 ms CreateObjectMapping: 0.236300 ms MarkObjects: 6.441800 ms  DeleteObjects: 0.461300 ms)

========================================================================
Received Prepare
Registering precompiled user dll's ...
Registered in 0.005249 seconds.
Begin MonoManager ReloadAssembly
Native extension for WindowsStandalone target not found
Refreshing native plugins compatible for Editor in 0.82 ms, found 1 plugins.
Preloading 0 native plugins for Editor in 0.00 ms.
Mono: successfully reloaded assembly
- Completed reload, in  2.490 seconds
Platform modules already initialized, skipping
Refreshing native plugins compatible for Editor in 0.92 ms, found 1 plugins.
Preloading 0 native plugins for Editor in 0.00 ms.
Unloading 1804 Unused Serialized files (Serialized files now loaded: 0)
System memory in use before: 85.0 MB.
System memory in use after: 84.9 MB.

Unloading 12 unused Assets to reduce memory usage. Loaded Objects now: 2295.
Total: 7.169900 ms (FindLiveObjects: 1.751600 ms CreateObjectMapping: 0.348600 ms MarkObjects: 4.820300 ms  DeleteObjects: 0.244100 ms)

========================================================================
Received Prepare
Registering precompiled user dll's ...
Registered in 0.000989 seconds.
Begin MonoManager ReloadAssembly
Native extension for WindowsStandalone target not found
Refreshing native plugins compatible for Editor in 0.42 ms, found 1 plugins.
Preloading 0 native plugins for Editor in 0.00 ms.
Mono: successfully reloaded assembly
- Completed reload, in  1.160 seconds
Platform modules already initialized, skipping
Refreshing native plugins compatible for Editor in 0.39 ms, found 1 plugins.
Preloading 0 native plugins for Editor in 0.00 ms.
Unloading 1804 Unused Serialized files (Serialized files now loaded: 0)
System memory in use before: 85.0 MB.
System memory in use after: 85.0 MB.

Unloading 12 unused Assets to reduce memory usage. Loaded Objects now: 2299.
Total: 2.581600 ms (FindLiveObjects: 0.274600 ms CreateObjectMapping: 0.136000 ms MarkObjects: 2.059500 ms  DeleteObjects: 0.109900 ms)

========================================================================
Received Import Request.
  Time since last request: 389.900468 seconds.
  path: Assets/GUIController.cs
  artifactKey: Guid(93a60a211efde6748a2e549a90bdb8bd) Importer(815301076,1909f56bfc062723c751e8b465ee728b)
Start importing Assets/GUIController.cs using Guid(93a60a211efde6748a2e549a90bdb8bd) Importer(815301076,1909f56bfc062723c751e8b465ee728b)  -> (artifact id: '3c111fafe4a9e5ac35c160e7920ba598') in 0.003770 seconds
  Import took 0.007344 seconds .

========================================================================
Received Prepare
Registering precompiled user dll's ...
Registered in 0.001242 seconds.
Begin MonoManager ReloadAssembly
Native extension for WindowsStandalone target not found
Refreshing native plugins compatible for Editor in 0.41 ms, found 1 plugins.
Preloading 0 native plugins for Editor in 0.00 ms.
Mono: successfully reloaded assembly
- Completed reload, in  1.212 seconds
Platform modules already initialized, skipping
Refreshing native plugins compatible for Editor in 0.44 ms, found 1 plugins.
Preloading 0 native plugins for Editor in 0.00 ms.
Unloading 1803 Unused Serialized files (Serialized files now loaded: 0)
System memory in use before: 85.0 MB.
System memory in use after: 84.9 MB.

Unloading 13 unused Assets to reduce memory usage. Loaded Objects now: 2302.
Total: 3.767100 ms (FindLiveObjects: 0.193200 ms CreateObjectMapping: 0.072300 ms MarkObjects: 3.367100 ms  DeleteObjects: 0.133000 ms)

========================================================================
Received Prepare
Registering precompiled user dll's ...
Registered in 0.003702 seconds.
Begin MonoManager ReloadAssembly
Native extension for WindowsStandalone target not found
Refreshing native plugins compatible for Editor in 0.43 ms, found 1 plugins.
Preloading 0 native plugins for Editor in 0.00 ms.
Mono: successfully reloaded assembly
- Completed reload, in  1.624 seconds
Platform modules already initialized, skipping
Refreshing native plugins compatible for Editor in 0.39 ms, found 1 plugins.
Preloading 0 native plugins for Editor in 0.00 ms.
Unloading 1804 Unused Serialized files (Serialized files now loaded: 0)
System memory in use before: 85.0 MB.
System memory in use after: 85.0 MB.

Unloading 12 unused Assets to reduce memory usage. Loaded Objects now: 2307.
Total: 2.539700 ms (FindLiveObjects: 0.223100 ms CreateObjectMapping: 0.072700 ms MarkObjects: 2.116000 ms  DeleteObjects: 0.126300 ms)

========================================================================
Received Prepare
Registering precompiled user dll's ...
Registered in 0.001310 seconds.
Begin MonoManager ReloadAssembly
Native extension for WindowsStandalone target not found
Refreshing native plugins compatible for Editor in 0.54 ms, found 1 plugins.
Preloading 0 native plugins for Editor in 0.00 ms.
Mono: successfully reloaded assembly
- Completed reload, in  1.917 seconds
Platform modules already initialized, skipping
Refreshing native plugins compatible for Editor in 0.48 ms, found 1 plugins.
Preloading 0 native plugins for Editor in 0.00 ms.
Unloading 1804 Unused Serialized files (Serialized files now loaded: 0)
System memory in use before: 85.0 MB.
System memory in use after: 85.0 MB.

Unloading 12 unused Assets to reduce memory usage. Loaded Objects now: 2311.
Total: 3.601900 ms (FindLiveObjects: 0.386500 ms CreateObjectMapping: 0.150800 ms MarkObjects: 2.902000 ms  DeleteObjects: 0.160500 ms)

========================================================================
Received Prepare
Registering precompiled user dll's ...
Registered in 0.003321 seconds.
Begin MonoManager ReloadAssembly
Native extension for WindowsStandalone target not found
Refreshing native plugins compatible for Editor in 0.65 ms, found 1 plugins.
Preloading 0 native plugins for Editor in 0.00 ms.
Mono: successfully reloaded assembly
- Completed reload, in  2.487 seconds
Platform modules already initialized, skipping
Refreshing native plugins compatible for Editor in 3.02 ms, found 1 plugins.
Preloading 0 native plugins for Editor in 0.00 ms.
Unloading 1804 Unused Serialized files (Serialized files now loaded: 0)
System memory in use before: 85.0 MB.
System memory in use after: 85.0 MB.

Unloading 12 unused Assets to reduce memory usage. Loaded Objects now: 2315.
Total: 9.564200 ms (FindLiveObjects: 0.492900 ms CreateObjectMapping: 0.271000 ms MarkObjects: 8.588900 ms  DeleteObjects: 0.207500 ms)

========================================================================
Received Import Request.
  Time since last request: 395.653568 seconds.
  path: Assets/GUIController.cs
  artifactKey: Guid(93a60a211efde6748a2e549a90bdb8bd) Importer(815301076,1909f56bfc062723c751e8b465ee728b)
Start importing Assets/GUIController.cs using Guid(93a60a211efde6748a2e549a90bdb8bd) Importer(815301076,1909f56bfc062723c751e8b465ee728b)  -> (artifact id: '2ccbc84335174954afbe3457400b9721') in 0.026251 seconds
  Import took 0.039874 seconds .

========================================================================
Received Prepare
Registering precompiled user dll's ...
Registered in 0.001260 seconds.
Begin MonoManager ReloadAssembly
Native extension for WindowsStandalone target not found
Refreshing native plugins compatible for Editor in 0.65 ms, found 1 plugins.
Preloading 0 native plugins for Editor in 0.00 ms.
Mono: successfully reloaded assembly
- Completed reload, in  2.814 seconds
Platform modules already initialized, skipping
Refreshing native plugins compatible for Editor in 1.94 ms, found 1 plugins.
Preloading 0 native plugins for Editor in 0.00 ms.
Unloading 1804 Unused Serialized files (Serialized files now loaded: 0)
System memory in use before: 85.0 MB.
System memory in use after: 85.0 MB.

Unloading 12 unused Assets to reduce memory usage. Loaded Objects now: 2319.
Total: 8.791800 ms (FindLiveObjects: 1.072300 ms CreateObjectMapping: 0.629300 ms MarkObjects: 6.595000 ms  DeleteObjects: 0.490000 ms)

========================================================================
Received Import Request.
  Time since last request: 29.633100 seconds.
  path: Assets/GUIController.cs
  artifactKey: Guid(93a60a211efde6748a2e549a90bdb8bd) Importer(815301076,1909f56bfc062723c751e8b465ee728b)
Start importing Assets/GUIController.cs using Guid(93a60a211efde6748a2e549a90bdb8bd) Importer(815301076,1909f56bfc062723c751e8b465ee728b)  -> (artifact id: 'f7c3ffb0959f6928b986dc792e41c486') in 0.016032 seconds
  Import took 0.026619 seconds .

========================================================================
Received Prepare
Registering precompiled user dll's ...
Registered in 0.003227 seconds.
Begin MonoManager ReloadAssembly
Native extension for WindowsStandalone target not found
Refreshing native plugins compatible for Editor in 1.15 ms, found 1 plugins.
Preloading 0 native plugins for Editor in 0.00 ms.
Mono: successfully reloaded assembly
- Completed reload, in  2.765 seconds
Platform modules already initialized, skipping
Refreshing native plugins compatible for Editor in 0.63 ms, found 1 plugins.
Preloading 0 native plugins for Editor in 0.00 ms.
Unloading 1804 Unused Serialized files (Serialized files now loaded: 0)
System memory in use before: 85.0 MB.
System memory in use after: 85.0 MB.

Unloading 12 unused Assets to reduce memory usage. Loaded Objects now: 2323.
Total: 7.062400 ms (FindLiveObjects: 0.445000 ms CreateObjectMapping: 0.446800 ms MarkObjects: 5.787300 ms  DeleteObjects: 0.380000 ms)

========================================================================
Received Import Request.
  Time since last request: 52.053075 seconds.
  path: Assets/GUIController.cs
  artifactKey: Guid(93a60a211efde6748a2e549a90bdb8bd) Importer(815301076,1909f56bfc062723c751e8b465ee728b)
Start importing Assets/GUIController.cs using Guid(93a60a211efde6748a2e549a90bdb8bd) Importer(815301076,1909f56bfc062723c751e8b465ee728b)  -> (artifact id: '3046c3718cf34658bf95334a7b69edbb') in 0.014215 seconds
  Import took 0.025556 seconds .

========================================================================
Received Import Request.
  Time since last request: 209.363195 seconds.
  path: Assets/GUIController.cs
  artifactKey: Guid(93a60a211efde6748a2e549a90bdb8bd) Importer(815301076,1909f56bfc062723c751e8b465ee728b)
Start importing Assets/GUIController.cs using Guid(93a60a211efde6748a2e549a90bdb8bd) Importer(815301076,1909f56bfc062723c751e8b465ee728b)  -> (artifact id: '268c43203fdcd2ca27e0bedc70bbb214') in 0.009625 seconds
  Import took 0.022918 seconds .

========================================================================
Received Import Request.
  Time since last request: 165.298149 seconds.
  path: Assets/GUIController.cs
  artifactKey: Guid(93a60a211efde6748a2e549a90bdb8bd) Importer(815301076,1909f56bfc062723c751e8b465ee728b)
Start importing Assets/GUIController.cs using Guid(93a60a211efde6748a2e549a90bdb8bd) Importer(815301076,1909f56bfc062723c751e8b465ee728b)  -> (artifact id: '4f37064425a93461af8c4ad3366b5a7e') in 0.004836 seconds
  Import took 0.011512 seconds .

========================================================================
Received Prepare
Registering precompiled user dll's ...
Registered in 0.001433 seconds.
Begin MonoManager ReloadAssembly
Native extension for WindowsStandalone target not found
Refreshing native plugins compatible for Editor in 0.45 ms, found 1 plugins.
Preloading 0 native plugins for Editor in 0.00 ms.
Mono: successfully reloaded assembly
- Completed reload, in  1.763 seconds
Platform modules already initialized, skipping
Refreshing native plugins compatible for Editor in 0.95 ms, found 1 plugins.
Preloading 0 native plugins for Editor in 0.00 ms.
Unloading 1804 Unused Serialized files (Serialized files now loaded: 0)
System memory in use before: 85.0 MB.
System memory in use after: 85.0 MB.

Unloading 12 unused Assets to reduce memory usage. Loaded Objects now: 2327.
Total: 4.952900 ms (FindLiveObjects: 0.671800 ms CreateObjectMapping: 0.681800 ms MarkObjects: 3.456600 ms  DeleteObjects: 0.139100 ms)

========================================================================
Received Import Request.
  Time since last request: 60.193511 seconds.
  path: Assets/GUIController.cs
  artifactKey: Guid(93a60a211efde6748a2e549a90bdb8bd) Importer(815301076,1909f56bfc062723c751e8b465ee728b)
Start importing Assets/GUIController.cs using Guid(93a60a211efde6748a2e549a90bdb8bd) Importer(815301076,1909f56bfc062723c751e8b465ee728b)  -> (artifact id: 'bb87439db145897160933368b2661645') in 0.009742 seconds
  Import took 0.017626 seconds .

========================================================================
Received Import Request.
  Time since last request: 0.001012 seconds.
  path: Assets/GUIController.cs
  artifactKey: Guid(93a60a211efde6748a2e549a90bdb8bd) Importer(815301076,1909f56bfc062723c751e8b465ee728b)
Start importing Assets/GUIController.cs using Guid(93a60a211efde6748a2e549a90bdb8bd) Importer(815301076,1909f56bfc062723c751e8b465ee728b)  -> (artifact id: 'bb87439db145897160933368b2661645') in 0.002506 seconds
  Import took 0.007681 seconds .

========================================================================
Received Prepare
Registering precompiled user dll's ...
Registered in 0.002154 seconds.
Begin MonoManager ReloadAssembly
Native extension for WindowsStandalone target not found
Refreshing native plugins compatible for Editor in 0.72 ms, found 1 plugins.
Preloading 0 native plugins for Editor in 0.00 ms.
Mono: successfully reloaded assembly
- Completed reload, in  3.424 seconds
Platform modules already initialized, skipping
Refreshing native plugins compatible for Editor in 1.03 ms, found 1 plugins.
Preloading 0 native plugins for Editor in 0.00 ms.
Unloading 1804 Unused Serialized files (Serialized files now loaded: 0)
System memory in use before: 85.1 MB.
System memory in use after: 85.0 MB.

Unloading 12 unused Assets to reduce memory usage. Loaded Objects now: 2331.
Total: 5.107800 ms (FindLiveObjects: 0.379400 ms CreateObjectMapping: 0.184300 ms MarkObjects: 4.075000 ms  DeleteObjects: 0.466300 ms)

========================================================================
Received Prepare
Registering precompiled user dll's ...
Registered in 0.001168 seconds.
Begin MonoManager ReloadAssembly
Native extension for WindowsStandalone target not found
Refreshing native plugins compatible for Editor in 0.91 ms, found 1 plugins.
Preloading 0 native plugins for Editor in 0.00 ms.
Mono: successfully reloaded assembly
- Completed reload, in  2.787 seconds
Platform modules already initialized, skipping
Refreshing native plugins compatible for Editor in 1.51 ms, found 1 plugins.
Preloading 0 native plugins for Editor in 0.00 ms.
Unloading 1804 Unused Serialized files (Serialized files now loaded: 0)
System memory in use before: 85.1 MB.
System memory in use after: 85.0 MB.

Unloading 12 unused Assets to reduce memory usage. Loaded Objects now: 2335.
Total: 6.336900 ms (FindLiveObjects: 0.594100 ms CreateObjectMapping: 0.234900 ms MarkObjects: 4.895600 ms  DeleteObjects: 0.602000 ms)

========================================================================
Received Import Request.
  Time since last request: 51.497487 seconds.
  path: Assets/GUIController.cs
  artifactKey: Guid(93a60a211efde6748a2e549a90bdb8bd) Importer(815301076,1909f56bfc062723c751e8b465ee728b)
Start importing Assets/GUIController.cs using Guid(93a60a211efde6748a2e549a90bdb8bd) Importer(815301076,1909f56bfc062723c751e8b465ee728b)  -> (artifact id: 'd15e9b170e23c6d5a58b308189245590') in 0.021720 seconds
  Import took 0.034976 seconds .

========================================================================
Received Prepare
Registering precompiled user dll's ...
Registered in 0.003771 seconds.
Begin MonoManager ReloadAssembly
Native extension for WindowsStandalone target not found
Refreshing native plugins compatible for Editor in 0.70 ms, found 1 plugins.
Preloading 0 native plugins for Editor in 0.00 ms.
Mono: successfully reloaded assembly
- Completed reload, in  3.002 seconds
Platform modules already initialized, skipping
Refreshing native plugins compatible for Editor in 0.64 ms, found 1 plugins.
Preloading 0 native plugins for Editor in 0.00 ms.
Unloading 1804 Unused Serialized files (Serialized files now loaded: 0)
System memory in use before: 85.1 MB.
System memory in use after: 85.0 MB.

Unloading 12 unused Assets to reduce memory usage. Loaded Objects now: 2339.
Total: 9.782100 ms (FindLiveObjects: 1.211200 ms CreateObjectMapping: 0.640900 ms MarkObjects: 7.370500 ms  DeleteObjects: 0.550900 ms)

========================================================================
Received Import Request.
  Time since last request: 28.337869 seconds.
  path: Assets/GUIController.cs
  artifactKey: Guid(93a60a211efde6748a2e549a90bdb8bd) Importer(815301076,1909f56bfc062723c751e8b465ee728b)
Start importing Assets/GUIController.cs using Guid(93a60a211efde6748a2e549a90bdb8bd) Importer(815301076,1909f56bfc062723c751e8b465ee728b)  -> (artifact id: 'cd401675747643c09928282273f82323') in 0.013491 seconds
  Import took 0.032207 seconds .

========================================================================
Received Prepare
Registering precompiled user dll's ...
Registered in 0.001236 seconds.
Begin MonoManager ReloadAssembly
Native extension for WindowsStandalone target not found
Refreshing native plugins compatible for Editor in 1.69 ms, found 1 plugins.
Preloading 0 native plugins for Editor in 0.00 ms.
Mono: successfully reloaded assembly
- Completed reload, in  3.282 seconds
Platform modules already initialized, skipping
Refreshing native plugins compatible for Editor in 2.34 ms, found 1 plugins.
Preloading 0 native plugins for Editor in 0.00 ms.
Unloading 1804 Unused Serialized files (Serialized files now loaded: 0)
System memory in use before: 85.1 MB.
System memory in use after: 85.1 MB.

Unloading 12 unused Assets to reduce memory usage. Loaded Objects now: 2343.
Total: 7.385800 ms (FindLiveObjects: 1.114000 ms CreateObjectMapping: 0.402800 ms MarkObjects: 4.971200 ms  DeleteObjects: 0.890400 ms)

========================================================================
Received Import Request.
  Time since last request: 226.628898 seconds.
  path: Assets/GUIController.cs
  artifactKey: Guid(93a60a211efde6748a2e549a90bdb8bd) Importer(815301076,1909f56bfc062723c751e8b465ee728b)
Start importing Assets/GUIController.cs using Guid(93a60a211efde6748a2e549a90bdb8bd) Importer(815301076,1909f56bfc062723c751e8b465ee728b)  -> (artifact id: 'c8bb5e6d776245dcb50fc506c1292209') in 0.019824 seconds
  Import took 0.036278 seconds .

========================================================================
Received Import Request.
  Time since last request: 103.930101 seconds.
  path: Assets/PlayerController.cs
  artifactKey: Guid(b33ee71e5dafedb43b640390169c5222) Importer(815301076,1909f56bfc062723c751e8b465ee728b)
Start importing Assets/PlayerController.cs using Guid(b33ee71e5dafedb43b640390169c5222) Importer(815301076,1909f56bfc062723c751e8b465ee728b)  -> (artifact id: '5930ae62f0dc4ca0ae1c54ac868accf7') in 0.022540 seconds
  Import took 0.029400 seconds .

========================================================================
Received Prepare
Registering precompiled user dll's ...
Registered in 0.001431 seconds.
Begin MonoManager ReloadAssembly
Native extension for WindowsStandalone target not found
Refreshing native plugins compatible for Editor in 0.53 ms, found 1 plugins.
Preloading 0 native plugins for Editor in 0.00 ms.
Mono: successfully reloaded assembly
- Completed reload, in  2.205 seconds
Platform modules already initialized, skipping
Refreshing native plugins compatible for Editor in 0.53 ms, found 1 plugins.
Preloading 0 native plugins for Editor in 0.00 ms.
Unloading 1805 Unused Serialized files (Serialized files now loaded: 0)
System memory in use before: 85.1 MB.
System memory in use after: 85.1 MB.

Unloading 12 unused Assets to reduce memory usage. Loaded Objects now: 2348.
Total: 3.191400 ms (FindLiveObjects: 0.301200 ms CreateObjectMapping: 0.108200 ms MarkObjects: 2.616700 ms  DeleteObjects: 0.163800 ms)

========================================================================
Received Prepare
Registering precompiled user dll's ...
Registered in 0.001918 seconds.
Begin MonoManager ReloadAssembly
Native extension for WindowsStandalone target not found
Refreshing native plugins compatible for Editor in 1.64 ms, found 1 plugins.
Preloading 0 native plugins for Editor in 0.00 ms.
Mono: successfully reloaded assembly
- Completed reload, in  2.132 seconds
Platform modules already initialized, skipping
Refreshing native plugins compatible for Editor in 0.51 ms, found 1 plugins.
Preloading 0 native plugins for Editor in 0.00 ms.
Unloading 1805 Unused Serialized files (Serialized files now loaded: 0)
System memory in use before: 85.1 MB.
System memory in use after: 85.1 MB.

Unloading 12 unused Assets to reduce memory usage. Loaded Objects now: 2352.
Total: 3.730700 ms (FindLiveObjects: 0.321800 ms CreateObjectMapping: 0.115500 ms MarkObjects: 3.110600 ms  DeleteObjects: 0.180800 ms)

========================================================================
Received Import Request.
  Time since last request: 94.130342 seconds.
  path: Assets/PlayerController.cs
  artifactKey: Guid(b33ee71e5dafedb43b640390169c5222) Importer(815301076,1909f56bfc062723c751e8b465ee728b)
Start importing Assets/PlayerController.cs using Guid(b33ee71e5dafedb43b640390169c5222) Importer(815301076,1909f56bfc062723c751e8b465ee728b)  -> (artifact id: 'e6f02b8f05cbad7b47f6349a9e480274') in 0.006852 seconds
  Import took 0.016287 seconds .

========================================================================
Received Prepare
Registering precompiled user dll's ...
Registered in 0.005169 seconds.
Begin MonoManager ReloadAssembly
Native extension for WindowsStandalone target not found
Refreshing native plugins compatible for Editor in 0.49 ms, found 1 plugins.
Preloading 0 native plugins for Editor in 0.00 ms.
Mono: successfully reloaded assembly
- Completed reload, in  1.869 seconds
Platform modules already initialized, skipping
Refreshing native plugins compatible for Editor in 0.50 ms, found 1 plugins.
Preloading 0 native plugins for Editor in 0.00 ms.
Unloading 1805 Unused Serialized files (Serialized files now loaded: 0)
System memory in use before: 85.1 MB.
System memory in use after: 85.1 MB.

Unloading 12 unused Assets to reduce memory usage. Loaded Objects now: 2356.
Total: 8.554400 ms (FindLiveObjects: 0.271400 ms CreateObjectMapping: 0.112400 ms MarkObjects: 7.821200 ms  DeleteObjects: 0.345700 ms)

========================================================================
Received Prepare
Registering precompiled user dll's ...
Registered in 0.001145 seconds.
Begin MonoManager ReloadAssembly
Native extension for WindowsStandalone target not found
Refreshing native plugins compatible for Editor in 0.68 ms, found 1 plugins.
Preloading 0 native plugins for Editor in 0.00 ms.
Mono: successfully reloaded assembly
- Completed reload, in  2.083 seconds
Platform modules already initialized, skipping
Refreshing native plugins compatible for Editor in 0.49 ms, found 1 plugins.
Preloading 0 native plugins for Editor in 0.00 ms.
Unloading 1805 Unused Serialized files (Serialized files now loaded: 0)
System memory in use before: 85.1 MB.
System memory in use after: 85.1 MB.

Unloading 12 unused Assets to reduce memory usage. Loaded Objects now: 2360.
Total: 3.828300 ms (FindLiveObjects: 0.445700 ms CreateObjectMapping: 0.127900 ms MarkObjects: 3.091200 ms  DeleteObjects: 0.161800 ms)

========================================================================
Received Prepare
Registering precompiled user dll's ...
Registered in 0.002020 seconds.
Begin MonoManager ReloadAssembly
Native extension for WindowsStandalone target not found
Refreshing native plugins compatible for Editor in 0.48 ms, found 1 plugins.
Preloading 0 native plugins for Editor in 0.00 ms.
Mono: successfully reloaded assembly
- Completed reload, in  1.789 seconds
Platform modules already initialized, skipping
Refreshing native plugins compatible for Editor in 0.44 ms, found 1 plugins.
Preloading 0 native plugins for Editor in 0.00 ms.
Unloading 1805 Unused Serialized files (Serialized files now loaded: 0)
System memory in use before: 85.1 MB.
System memory in use after: 85.1 MB.

Unloading 12 unused Assets to reduce memory usage. Loaded Objects now: 2364.
Total: 3.577500 ms (FindLiveObjects: 0.201800 ms CreateObjectMapping: 0.074000 ms MarkObjects: 2.561400 ms  DeleteObjects: 0.735700 ms)

========================================================================
Received Prepare
Registering precompiled user dll's ...
Registered in 0.004757 seconds.
Begin MonoManager ReloadAssembly
Native extension for WindowsStandalone target not found
Refreshing native plugins compatible for Editor in 0.54 ms, found 1 plugins.
Preloading 0 native plugins for Editor in 0.00 ms.
Mono: successfully reloaded assembly
- Completed reload, in  2.065 seconds
Platform modules already initialized, skipping
Refreshing native plugins compatible for Editor in 0.98 ms, found 1 plugins.
Preloading 0 native plugins for Editor in 0.00 ms.
Unloading 1805 Unused Serialized files (Serialized files now loaded: 0)
System memory in use before: 85.2 MB.
System memory in use after: 85.1 MB.

Unloading 12 unused Assets to reduce memory usage. Loaded Objects now: 2368.
Total: 3.127600 ms (FindLiveObjects: 0.272200 ms CreateObjectMapping: 0.106200 ms MarkObjects: 2.570700 ms  DeleteObjects: 0.177100 ms)

========================================================================
Received Prepare
Registering precompiled user dll's ...
Registered in 0.002001 seconds.
Begin MonoManager ReloadAssembly
Native extension for WindowsStandalone target not found
Refreshing native plugins compatible for Editor in 0.50 ms, found 1 plugins.
Preloading 0 native plugins for Editor in 0.00 ms.
Mono: successfully reloaded assembly
- Completed reload, in  1.717 seconds
Platform modules already initialized, skipping
Refreshing native plugins compatible for Editor in 0.49 ms, found 1 plugins.
Preloading 0 native plugins for Editor in 0.00 ms.
Unloading 1805 Unused Serialized files (Serialized files now loaded: 0)
System memory in use before: 85.2 MB.
System memory in use after: 85.1 MB.

Unloading 12 unused Assets to reduce memory usage. Loaded Objects now: 2372.
Total: 5.248000 ms (FindLiveObjects: 1.227700 ms CreateObjectMapping: 0.543300 ms MarkObjects: 3.289200 ms  DeleteObjects: 0.183300 ms)

========================================================================
Received Import Request.
  Time since last request: 1145.349945 seconds.
  path: Assets/New GUISkin.guiskin
  artifactKey: Guid(f758c143534b0b142808490b126262ca) Importer(815301076,1909f56bfc062723c751e8b465ee728b)
Start importing Assets/New GUISkin.guiskin using Guid(f758c143534b0b142808490b126262ca) Importer(815301076,1909f56bfc062723c751e8b465ee728b)  -> (artifact id: '6bcede9f0fe17aeb9aab1aa7e7bedc29') in 0.070112 seconds
  Import took 0.078399 seconds .

========================================================================
Received Prepare
Registering precompiled user dll's ...
Registered in 0.001500 seconds.
Begin MonoManager ReloadAssembly
Native extension for WindowsStandalone target not found
Refreshing native plugins compatible for Editor in 1.49 ms, found 1 plugins.
Preloading 0 native plugins for Editor in 0.00 ms.
Mono: successfully reloaded assembly
- Completed reload, in  3.059 seconds
Platform modules already initialized, skipping
Refreshing native plugins compatible for Editor in 0.57 ms, found 1 plugins.
Preloading 0 native plugins for Editor in 0.00 ms.
Unloading 1805 Unused Serialized files (Serialized files now loaded: 0)
System memory in use before: 85.2 MB.
System memory in use after: 85.2 MB.

Unloading 12 unused Assets to reduce memory usage. Loaded Objects now: 2378.
Total: 6.640100 ms (FindLiveObjects: 1.892100 ms CreateObjectMapping: 0.646500 ms MarkObjects: 3.900800 ms  DeleteObjects: 0.195700 ms)

========================================================================
Received Prepare
Registering precompiled user dll's ...
Registered in 0.001275 seconds.
Begin MonoManager ReloadAssembly
Native extension for WindowsStandalone target not found
Refreshing native plugins compatible for Editor in 0.88 ms, found 1 plugins.
Preloading 0 native plugins for Editor in 0.00 ms.
Mono: successfully reloaded assembly
- Completed reload, in  2.114 seconds
Platform modules already initialized, skipping
Refreshing native plugins compatible for Editor in 0.58 ms, found 1 plugins.
Preloading 0 native plugins for Editor in 0.00 ms.
Unloading 1805 Unused Serialized files (Serialized files now loaded: 0)
System memory in use before: 85.3 MB.
System memory in use after: 85.2 MB.

Unloading 12 unused Assets to reduce memory usage. Loaded Objects now: 2382.
Total: 7.135100 ms (FindLiveObjects: 0.529900 ms CreateObjectMapping: 0.199300 ms MarkObjects: 6.005600 ms  DeleteObjects: 0.395900 ms)

========================================================================
Received Prepare
Registering precompiled user dll's ...
Registered in 0.001405 seconds.
Begin MonoManager ReloadAssembly
Native extension for WindowsStandalone target not found
Refreshing native plugins compatible for Editor in 0.55 ms, found 1 plugins.
Preloading 0 native plugins for Editor in 0.00 ms.
Mono: successfully reloaded assembly
- Completed reload, in  2.263 seconds
Platform modules already initialized, skipping
Refreshing native plugins compatible for Editor in 0.51 ms, found 1 plugins.
Preloading 0 native plugins for Editor in 0.00 ms.
Unloading 1805 Unused Serialized files (Serialized files now loaded: 0)
System memory in use before: 85.3 MB.
System memory in use after: 85.2 MB.

Unloading 12 unused Assets to reduce memory usage. Loaded Objects now: 2386.
Total: 3.759500 ms (FindLiveObjects: 0.283300 ms CreateObjectMapping: 0.109500 ms MarkObjects: 3.192700 ms  DeleteObjects: 0.172100 ms)

========================================================================
Received Prepare
Registering precompiled user dll's ...
Registered in 0.001631 seconds.
Begin MonoManager ReloadAssembly
Native extension for WindowsStandalone target not found
Refreshing native plugins compatible for Editor in 1.47 ms, found 1 plugins.
Preloading 0 native plugins for Editor in 0.00 ms.
Mono: successfully reloaded assembly
- Completed reload, in  4.479 seconds
Platform modules already initialized, skipping
Refreshing native plugins compatible for Editor in 1.69 ms, found 1 plugins.
Preloading 0 native plugins for Editor in 0.00 ms.
Unloading 1805 Unused Serialized files (Serialized files now loaded: 0)
System memory in use before: 85.3 MB.
System memory in use after: 85.3 MB.

Unloading 12 unused Assets to reduce memory usage. Loaded Objects now: 2390.
Total: 9.103100 ms (FindLiveObjects: 1.758700 ms CreateObjectMapping: 0.716100 ms MarkObjects: 5.916000 ms  DeleteObjects: 0.702300 ms)

========================================================================
Received Prepare
Registering precompiled user dll's ...
Registered in 0.003872 seconds.
Begin MonoManager ReloadAssembly
Native extension for WindowsStandalone target not found
Refreshing native plugins compatible for Editor in 0.77 ms, found 1 plugins.
Preloading 0 native plugins for Editor in 0.00 ms.
Mono: successfully reloaded assembly
- Completed reload, in  2.990 seconds
Platform modules already initialized, skipping
Refreshing native plugins compatible for Editor in 1.45 ms, found 1 plugins.
Preloading 0 native plugins for Editor in 0.00 ms.
Unloading 1805 Unused Serialized files (Serialized files now loaded: 0)
System memory in use before: 85.3 MB.
System memory in use after: 85.3 MB.

Unloading 12 unused Assets to reduce memory usage. Loaded Objects now: 2394.
Total: 7.602800 ms (FindLiveObjects: 0.370300 ms CreateObjectMapping: 0.394400 ms MarkObjects: 6.544200 ms  DeleteObjects: 0.291000 ms)

========================================================================
Received Prepare
Registering precompiled user dll's ...
Registered in 0.001801 seconds.
Begin MonoManager ReloadAssembly
Native extension for WindowsStandalone target not found
Refreshing native plugins compatible for Editor in 0.99 ms, found 1 plugins.
Preloading 0 native plugins for Editor in 0.00 ms.
Mono: successfully reloaded assembly
- Completed reload, in  2.927 seconds
Platform modules already initialized, skipping
Refreshing native plugins compatible for Editor in 1.21 ms, found 1 plugins.
Preloading 0 native plugins for Editor in 0.00 ms.
Unloading 1805 Unused Serialized files (Serialized files now loaded: 0)
System memory in use before: 85.3 MB.
System memory in use after: 85.3 MB.

Unloading 12 unused Assets to reduce memory usage. Loaded Objects now: 2398.
Total: 11.631700 ms (FindLiveObjects: 1.605800 ms CreateObjectMapping: 0.616000 ms MarkObjects: 8.725900 ms  DeleteObjects: 0.673900 ms)

========================================================================
Received Import Request.
  Time since last request: 843.310706 seconds.
  path: Assets/cartoon-game-background-260nw-303257369.jpg
  artifactKey: Guid(f27eda9e0b701b243b1bf30177d9aed2) Importer(815301076,1909f56bfc062723c751e8b465ee728b)
Start importing Assets/cartoon-game-background-260nw-303257369.jpg using Guid(f27eda9e0b701b243b1bf30177d9aed2) Importer(815301076,1909f56bfc062723c751e8b465ee728b)  -> (artifact id: '78367d563bac0bbe0e547865336a6957') in 0.285028 seconds
  Import took 0.297986 seconds .

========================================================================
Received Import Request.
  Time since last request: 16.097621 seconds.
  path: Assets/cartoon-game-background-260nw-303257369.jpg
  artifactKey: Guid(f27eda9e0b701b243b1bf30177d9aed2) Importer(815301076,1909f56bfc062723c751e8b465ee728b)
Start importing Assets/cartoon-game-background-260nw-303257369.jpg using Guid(f27eda9e0b701b243b1bf30177d9aed2) Importer(815301076,1909f56bfc062723c751e8b465ee728b)  -> (artifact id: 'd62a4fc9169ae49269dbc69ae161536c') in 0.021554 seconds
  Import took 0.026803 seconds .

========================================================================
Received Import Request.
  Time since last request: 0.002681 seconds.
  path: Assets/cartoon-game-background-260nw-303257369.jpg
  artifactKey: Guid(f27eda9e0b701b243b1bf30177d9aed2) Importer(815301076,1909f56bfc062723c751e8b465ee728b)
Start importing Assets/cartoon-game-background-260nw-303257369.jpg using Guid(f27eda9e0b701b243b1bf30177d9aed2) Importer(815301076,1909f56bfc062723c751e8b465ee728b)  -> (artifact id: 'd62a4fc9169ae49269dbc69ae161536c') in 0.039920 seconds
  Import took 0.045451 seconds .

AssetImportWorkerClient::OnTransportError - code=2 error=End of file
