Using pre-set license
Built from '2020.3/release' branch; Version is '2020.3.7f1 (dd97f2c94397) revision 14522354'; Using compiler version '192528614'; Build Type 'Release'
OS: 'Windows 10 Home Single Language; OS build 19042.1052; Version 2009; 64bit' Language: 'en' Physical Memory: 12139 MB
BatchMode: 1, IsHumanControllingUs: 0, StartBugReporterOnCrash: 0, Is64bit: 1, IsPro: 0

 COMMAND LINE ARGUMENTS:
E:\set_up\unity\unity\2020.3.7f1\Editor\Unity.exe
-adb2
-batchMode
-noUpm
-name
AssetImportWorker0
-projectPath
D:/ky_5/game_2d_nang_cao/code/Buoi1
-logFile
Logs/AssetImportWorker0.log
-srvPort
49338
Successfully changed project path to: D:/ky_5/game_2d_nang_cao/code/Buoi1
D:/ky_5/game_2d_nang_cao/code/Buoi1
Using Asset Import Pipeline V2.
Refreshing native plugins compatible for Editor in 82.93 ms, found 1 plugins.
Preloading 0 native plugins for Editor in 0.00 ms.
Initialize engine version: 2020.3.7f1 (dd97f2c94397)
[Subsystems] Discovering subsystems at path E:/set_up/unity/unity/2020.3.7f1/Editor/Data/Resources/UnitySubsystems
[Subsystems] Discovering subsystems at path D:/ky_5/game_2d_nang_cao/code/Buoi1/Assets
GfxDevice: creating device client; threaded=0
Direct3D:
    Version:  Direct3D 11.0 [level 11.1]
    Renderer: Intel(R) UHD Graphics 620 (ID=0x3ea0)
    Vendor:   
    VRAM:     6069 MB
    Driver:   27.20.100.8681
Initialize mono
Mono path[0] = 'E:/set_up/unity/unity/2020.3.7f1/Editor/Data/Managed'
Mono path[1] = 'E:/set_up/unity/unity/2020.3.7f1/Editor/Data/MonoBleedingEdge/lib/mono/unityjit'
Mono config path = 'E:/set_up/unity/unity/2020.3.7f1/Editor/Data/MonoBleedingEdge/etc'
Using monoOptions --debugger-agent=transport=dt_socket,embedding=1,server=y,suspend=n,address=127.0.0.1:56772
Begin MonoManager ReloadAssembly
Registering precompiled unity dll's ...
Register platform support module: E:/set_up/unity/unity/2020.3.7f1/Editor/Data/PlaybackEngines/WindowsStandaloneSupport/UnityEditor.WindowsStandalone.Extensions.dll
Registered in 0.001780 seconds.
Native extension for WindowsStandalone target not found
Refreshing native plugins compatible for Editor in 90.01 ms, found 1 plugins.
Preloading 0 native plugins for Editor in 0.00 ms.
Mono: successfully reloaded assembly
- Completed reload, in  2.075 seconds
Platform modules already initialized, skipping
Registering precompiled user dll's ...
Registered in 0.001448 seconds.
Begin MonoManager ReloadAssembly
Native extension for WindowsStandalone target not found
Refreshing native plugins compatible for Editor in 55.72 ms, found 1 plugins.
Preloading 0 native plugins for Editor in 0.00 ms.
Mono: successfully reloaded assembly
- Completed reload, in  1.533 seconds
Platform modules already initialized, skipping
========================================================================
Worker process is ready to serve import requests
Launched and connected shader compiler UnityShaderCompiler.exe after 0.11 seconds
Refreshing native plugins compatible for Editor in 0.65 ms, found 1 plugins.
Preloading 0 native plugins for Editor in 0.00 ms.
Unloading 1808 Unused Serialized files (Serialized files now loaded: 0)
System memory in use before: 84.9 MB.
System memory in use after: 84.8 MB.

Unloading 24 unused Assets to reduce memory usage. Loaded Objects now: 2250.
Total: 4.190400 ms (FindLiveObjects: 0.473500 ms CreateObjectMapping: 0.177500 ms MarkObjects: 3.098800 ms  DeleteObjects: 0.421900 ms)

========================================================================
Received Import Request.
  path: Assets/Sunnyland/artwork/Environment/props/spikes-top.png
  artifactKey: Guid(c6803a2a3fe7f45e786b788e8ddb6771) Importer(815301076,1909f56bfc062723c751e8b465ee728b)
Start importing Assets/Sunnyland/artwork/Environment/props/spikes-top.png using Guid(c6803a2a3fe7f45e786b788e8ddb6771) Importer(815301076,1909f56bfc062723c751e8b465ee728b)  -> (artifact id: '586e66e042b1c8122298ad2b3dbb02da') in 0.189102 seconds
  Import took 0.193857 seconds .

========================================================================
Received Import Request.
  Time since last request: 0.000505 seconds.
  path: Assets/Sunnyland/artwork/Environment/props/crate.png
  artifactKey: Guid(794aa25d484d140d89ea9601c122ece0) Importer(815301076,1909f56bfc062723c751e8b465ee728b)
Start importing Assets/Sunnyland/artwork/Environment/props/crate.png using Guid(794aa25d484d140d89ea9601c122ece0) Importer(815301076,1909f56bfc062723c751e8b465ee728b)  -> (artifact id: 'c6882319697f9ddb4a00975be7a2f94a') in 0.020941 seconds
  Import took 0.026625 seconds .

========================================================================
Received Import Request.
  Time since last request: 0.000537 seconds.
  path: Assets/Sunnyland/artwork/Environment/props/spike-skull.png
  artifactKey: Guid(a225befe4953547da8c4133e5d585029) Importer(815301076,1909f56bfc062723c751e8b465ee728b)
Start importing Assets/Sunnyland/artwork/Environment/props/spike-skull.png using Guid(a225befe4953547da8c4133e5d585029) Importer(815301076,1909f56bfc062723c751e8b465ee728b)  -> (artifact id: 'e28fc8b99d686c1da02937f35bf145c5') in 0.037230 seconds
  Import took 0.045422 seconds .

========================================================================
Received Import Request.
  Time since last request: 0.000385 seconds.
  path: Assets/Sunnyland/artwork/Environment/props/tree.png
  artifactKey: Guid(f7187675ec12e4aacaeb0e97ad31230a) Importer(815301076,1909f56bfc062723c751e8b465ee728b)
Start importing Assets/Sunnyland/artwork/Environment/props/tree.png using Guid(f7187675ec12e4aacaeb0e97ad31230a) Importer(815301076,1909f56bfc062723c751e8b465ee728b)  -> (artifact id: 'c32f9321d712583a71de005308b99a85') in 0.049797 seconds
  Import took 0.055405 seconds .

========================================================================
Received Import Request.
  Time since last request: 0.000699 seconds.
  path: Assets/Sunnyland/artwork/Environment/props/door.png
  artifactKey: Guid(8a26d60fb45014bcd9bb392106f7c98b) Importer(815301076,1909f56bfc062723c751e8b465ee728b)
Start importing Assets/Sunnyland/artwork/Environment/props/door.png using Guid(8a26d60fb45014bcd9bb392106f7c98b) Importer(815301076,1909f56bfc062723c751e8b465ee728b)  -> (artifact id: 'abe9b821e1de22a9211899b1b962147e') in 0.047814 seconds
  Import took 0.055442 seconds .

========================================================================
Received Import Request.
  Time since last request: 0.000864 seconds.
  path: Assets/Sunnyland/artwork/Environment/props/spikes.png
  artifactKey: Guid(0049772a1acaf4a49b69bb504ffe2669) Importer(815301076,1909f56bfc062723c751e8b465ee728b)
Start importing Assets/Sunnyland/artwork/Environment/props/spikes.png using Guid(0049772a1acaf4a49b69bb504ffe2669) Importer(815301076,1909f56bfc062723c751e8b465ee728b)  -> (artifact id: '1a791e54752d95fea54e17adfb508a13') in 0.039314 seconds
  Import took 0.050111 seconds .

========================================================================
Received Import Request.
  Time since last request: 0.000414 seconds.
  path: Assets/Sunnyland/artwork/Environment/props/platform-long.png
  artifactKey: Guid(15fdc3c0ac15e4a62b3f968392db8b58) Importer(815301076,1909f56bfc062723c751e8b465ee728b)
Start importing Assets/Sunnyland/artwork/Environment/props/platform-long.png using Guid(15fdc3c0ac15e4a62b3f968392db8b58) Importer(815301076,1909f56bfc062723c751e8b465ee728b)  -> (artifact id: 'b7a89287377eccfa3bd486129ca7e899') in 0.041452 seconds
  Import took 0.050230 seconds .

========================================================================
Received Import Request.
  Time since last request: 0.000588 seconds.
  path: Assets/Sunnyland/artwork/Environment/props/bush.png
  artifactKey: Guid(ecc204495234d40f091d828790c56287) Importer(815301076,1909f56bfc062723c751e8b465ee728b)
Start importing Assets/Sunnyland/artwork/Environment/props/bush.png using Guid(ecc204495234d40f091d828790c56287) Importer(815301076,1909f56bfc062723c751e8b465ee728b)  -> (artifact id: '43124e529038ad6515415ed821fa69ff') in 0.032701 seconds
  Import took 0.043594 seconds .

========================================================================
Received Import Request.
  Time since last request: 0.000660 seconds.
  path: Assets/Sunnyland/artwork/Environment/props/sign.png
  artifactKey: Guid(42820af2772f24bda991ed7de294c2fd) Importer(815301076,1909f56bfc062723c751e8b465ee728b)
Start importing Assets/Sunnyland/artwork/Environment/props/sign.png using Guid(42820af2772f24bda991ed7de294c2fd) Importer(815301076,1909f56bfc062723c751e8b465ee728b)  -> (artifact id: '45f092c633bc5e868a6ced69f79479ff') in 0.040278 seconds
  Import took 0.050357 seconds .

========================================================================
Received Import Request.
  Time since last request: 0.000556 seconds.
  path: Assets/Sunnyland/artwork/Environment/props/crank-down.png
  artifactKey: Guid(d3240c946631a4966b1bcab3db999126) Importer(815301076,1909f56bfc062723c751e8b465ee728b)
Start importing Assets/Sunnyland/artwork/Environment/props/crank-down.png using Guid(d3240c946631a4966b1bcab3db999126) Importer(815301076,1909f56bfc062723c751e8b465ee728b)  -> (artifact id: 'e939c483f9c5d7e0899c3edd89c10ed0') in 0.029576 seconds
  Import took 0.038202 seconds .

========================================================================
Received Import Request.
  Time since last request: 0.000536 seconds.
  path: Assets/Sunnyland/artwork/Environment/props/shrooms.png
  artifactKey: Guid(f106f73fc33df4c4d9a3e8a5cb54db28) Importer(815301076,1909f56bfc062723c751e8b465ee728b)
Start importing Assets/Sunnyland/artwork/Environment/props/shrooms.png using Guid(f106f73fc33df4c4d9a3e8a5cb54db28) Importer(815301076,1909f56bfc062723c751e8b465ee728b)  -> (artifact id: '7587f71394898dfd50f7f7dd6e921639') in 0.034733 seconds
  Import took 0.044413 seconds .

========================================================================
Received Import Request.
  Time since last request: 0.000632 seconds.
  path: Assets/Sunnyland/artwork/Environment/props/skulls.png
  artifactKey: Guid(a86fabb3151544d25b4310ff397f732a) Importer(815301076,1909f56bfc062723c751e8b465ee728b)
Start importing Assets/Sunnyland/artwork/Environment/props/skulls.png using Guid(a86fabb3151544d25b4310ff397f732a) Importer(815301076,1909f56bfc062723c751e8b465ee728b)  -> (artifact id: '0e73bed163c6161a11d66fb0521ad441') in 0.035238 seconds
  Import took 0.047222 seconds .

========================================================================
Received Import Request.
  Time since last request: 0.000824 seconds.
  path: Assets/Sunnyland/artwork/Environment/props/house.png
  artifactKey: Guid(52422ada2db954026a3ae1f1ba6b4486) Importer(815301076,1909f56bfc062723c751e8b465ee728b)
Start importing Assets/Sunnyland/artwork/Environment/props/house.png using Guid(52422ada2db954026a3ae1f1ba6b4486) Importer(815301076,1909f56bfc062723c751e8b465ee728b)  -> (artifact id: 'e681840a258140413e0349a9b519eff3') in 0.036173 seconds
  Import took 0.045266 seconds .

========================================================================
Received Import Request.
  Time since last request: 0.000725 seconds.
  path: Assets/Sunnyland/artwork/Environment/props/face-block.png
  artifactKey: Guid(f34e83b5f0fe1432cb87276148dc6341) Importer(815301076,1909f56bfc062723c751e8b465ee728b)
Start importing Assets/Sunnyland/artwork/Environment/props/face-block.png using Guid(f34e83b5f0fe1432cb87276148dc6341) Importer(815301076,1909f56bfc062723c751e8b465ee728b)  -> (artifact id: '2acd1d5eae3ddd59559664dc7e7f991b') in 0.038298 seconds
  Import took 0.046329 seconds .

========================================================================
Received Import Request.
  Time since last request: 0.000620 seconds.
  path: Assets/Sunnyland/artwork/Environment/props/rock.png
  artifactKey: Guid(3604a08945c65491a9ffb90ad9a8ff57) Importer(815301076,1909f56bfc062723c751e8b465ee728b)
Start importing Assets/Sunnyland/artwork/Environment/props/rock.png using Guid(3604a08945c65491a9ffb90ad9a8ff57) Importer(815301076,1909f56bfc062723c751e8b465ee728b)  -> (artifact id: '643da7f29d8debd86d686f6d7c2a6c11') in 0.040845 seconds
  Import took 0.052799 seconds .

========================================================================
Received Import Request.
  Time since last request: 0.000824 seconds.
  path: Assets/Sunnyland/artwork/Environment/props/block-big.png
  artifactKey: Guid(5bccf13ce09bd43e39c1c3416d5de92c) Importer(815301076,1909f56bfc062723c751e8b465ee728b)
Start importing Assets/Sunnyland/artwork/Environment/props/block-big.png using Guid(5bccf13ce09bd43e39c1c3416d5de92c) Importer(815301076,1909f56bfc062723c751e8b465ee728b)  -> (artifact id: '01b038117484c499db85a580b7b5511a') in 0.036465 seconds
  Import took 0.044033 seconds .

========================================================================
Received Import Request.
  Time since last request: 0.000741 seconds.
  path: Assets/Sunnyland/artwork/Environment/props/block.png
  artifactKey: Guid(8a8849b7b8b964564b9e89cb1ded0658) Importer(815301076,1909f56bfc062723c751e8b465ee728b)
Start importing Assets/Sunnyland/artwork/Environment/props/block.png using Guid(8a8849b7b8b964564b9e89cb1ded0658) Importer(815301076,1909f56bfc062723c751e8b465ee728b)  -> (artifact id: '7b6777245f371050fd5c38ffcbec772d') in 0.042320 seconds
  Import took 0.054092 seconds .

========================================================================
Received Import Request.
  Time since last request: 0.000593 seconds.
  path: Assets/Sunnyland/artwork/Environment/props/big-crate.png
  artifactKey: Guid(3fc2bbd409bf34ab6af1637bab569da1) Importer(815301076,1909f56bfc062723c751e8b465ee728b)
Start importing Assets/Sunnyland/artwork/Environment/props/big-crate.png using Guid(3fc2bbd409bf34ab6af1637bab569da1) Importer(815301076,1909f56bfc062723c751e8b465ee728b)  -> (artifact id: '84e756aaa2b6db24f987b9d96a896ef2') in 0.030862 seconds
  Import took 0.040528 seconds .

========================================================================
Received Import Request.
  Time since last request: 0.000766 seconds.
  path: Assets/Sunnyland/artwork/Environment/props/crank-up.png
  artifactKey: Guid(441a2d89600064d4d9ced045b19d0ae6) Importer(815301076,1909f56bfc062723c751e8b465ee728b)
Start importing Assets/Sunnyland/artwork/Environment/props/crank-up.png using Guid(441a2d89600064d4d9ced045b19d0ae6) Importer(815301076,1909f56bfc062723c751e8b465ee728b)  -> (artifact id: '6bda640fc6ec49077c235b37b828d50e') in 0.038389 seconds
  Import took 0.048115 seconds .

========================================================================
Received Import Request.
  Time since last request: 0.001087 seconds.
  path: Assets/Sunnyland/artwork/Environment/props/small-platform.png
  artifactKey: Guid(d3ae29bc873704d6197af9ad030f1b1c) Importer(815301076,1909f56bfc062723c751e8b465ee728b)
Start importing Assets/Sunnyland/artwork/Environment/props/small-platform.png using Guid(d3ae29bc873704d6197af9ad030f1b1c) Importer(815301076,1909f56bfc062723c751e8b465ee728b)  -> (artifact id: '02407a5ee1ad21f5115bea7d28ea1784') in 0.028331 seconds
  Import took 0.039870 seconds .

========================================================================
Received Import Request.
  Time since last request: 13.686368 seconds.
  path: Assets/Sunnyland/artwork/Sprites/player/idle
  artifactKey: Guid(a6784c39dc28a4834b763f55ec9d0408) Importer(815301076,1909f56bfc062723c751e8b465ee728b)
Start importing Assets/Sunnyland/artwork/Sprites/player/idle using Guid(a6784c39dc28a4834b763f55ec9d0408) Importer(815301076,1909f56bfc062723c751e8b465ee728b)  -> (artifact id: 'b779f4d2d2d4b3a111d7bc58c2a9ee4b') in 0.010681 seconds
  Import took 0.015626 seconds .

========================================================================
Received Import Request.
  Time since last request: 0.005739 seconds.
  path: Assets/Sunnyland/artwork/Sprites/player/idle
  artifactKey: Guid(a6784c39dc28a4834b763f55ec9d0408) Importer(815301076,1909f56bfc062723c751e8b465ee728b)
Start importing Assets/Sunnyland/artwork/Sprites/player/idle using Guid(a6784c39dc28a4834b763f55ec9d0408) Importer(815301076,1909f56bfc062723c751e8b465ee728b)  -> (artifact id: 'b779f4d2d2d4b3a111d7bc58c2a9ee4b') in 0.003196 seconds
  Import took 0.009919 seconds .

========================================================================
Received Import Request.
  Time since last request: 1.349933 seconds.
  path: Assets/Sunnyland/artwork/Sprites/player/run
  artifactKey: Guid(36eea592e53a047d6be03259ef1ee568) Importer(815301076,1909f56bfc062723c751e8b465ee728b)
Start importing Assets/Sunnyland/artwork/Sprites/player/run using Guid(36eea592e53a047d6be03259ef1ee568) Importer(815301076,1909f56bfc062723c751e8b465ee728b)  -> (artifact id: '92bf0bfaff51504df8788a6d41a48d42') in 0.016670 seconds
  Import took 0.022697 seconds .

========================================================================
Received Import Request.
  Time since last request: 0.752574 seconds.
  path: Assets/Sunnyland/artwork/Sprites/player/idle/player-idle-1.png
  artifactKey: Guid(72de0c64f2c6a498096698322c976a67) Importer(815301076,1909f56bfc062723c751e8b465ee728b)
Start importing Assets/Sunnyland/artwork/Sprites/player/idle/player-idle-1.png using Guid(72de0c64f2c6a498096698322c976a67) Importer(815301076,1909f56bfc062723c751e8b465ee728b)  -> (artifact id: 'e2982633e658a13cfb8f73e7d9285745') in 0.030723 seconds
  Import took 0.035347 seconds .

========================================================================
Received Import Request.
  Time since last request: 0.000389 seconds.
  path: Assets/Sunnyland/artwork/Sprites/player/idle/player-idle-4.png
  artifactKey: Guid(8bc3c2c2a565342aab778fd8e874313a) Importer(815301076,1909f56bfc062723c751e8b465ee728b)
Start importing Assets/Sunnyland/artwork/Sprites/player/idle/player-idle-4.png using Guid(8bc3c2c2a565342aab778fd8e874313a) Importer(815301076,1909f56bfc062723c751e8b465ee728b)  -> (artifact id: '43f61680a268c5a6349e9350e99f25cb') in 0.021794 seconds
  Import took 0.026276 seconds .

========================================================================
Received Import Request.
  Time since last request: 0.000407 seconds.
  path: Assets/Sunnyland/artwork/Sprites/player/idle/player-idle-3.png
  artifactKey: Guid(077f0469c420a4365bc67943783293df) Importer(815301076,1909f56bfc062723c751e8b465ee728b)
Start importing Assets/Sunnyland/artwork/Sprites/player/idle/player-idle-3.png using Guid(077f0469c420a4365bc67943783293df) Importer(815301076,1909f56bfc062723c751e8b465ee728b)  -> (artifact id: '801a17e40f915f29e0bcb489facd7543') in 0.037851 seconds
  Import took 0.042621 seconds .

========================================================================
Received Import Request.
  Time since last request: 0.000469 seconds.
  path: Assets/Sunnyland/artwork/Sprites/player/idle/player-idle-2.png
  artifactKey: Guid(c8a742c1f2ebb43b9afe34a47304c051) Importer(815301076,1909f56bfc062723c751e8b465ee728b)
Start importing Assets/Sunnyland/artwork/Sprites/player/idle/player-idle-2.png using Guid(c8a742c1f2ebb43b9afe34a47304c051) Importer(815301076,1909f56bfc062723c751e8b465ee728b)  -> (artifact id: '6d1c1ade3101ad61900043f5ad223539') in 0.023793 seconds
  Import took 0.029585 seconds .

========================================================================
Received Import Request.
  Time since last request: 18.883443 seconds.
  path: Assets/Sunnyland/artwork/Sprites/player/run/player-run-1.png
  artifactKey: Guid(8afd73b29f8e34c70b0db80184b8cc7f) Importer(815301076,1909f56bfc062723c751e8b465ee728b)
Start importing Assets/Sunnyland/artwork/Sprites/player/run/player-run-1.png using Guid(8afd73b29f8e34c70b0db80184b8cc7f) Importer(815301076,1909f56bfc062723c751e8b465ee728b)  -> (artifact id: '93eb6091ef3b55b3d339db9d994fef2b') in 0.026317 seconds
  Import took 0.033341 seconds .

========================================================================
Received Import Request.
  Time since last request: 0.000380 seconds.
  path: Assets/Sunnyland/artwork/Sprites/player/run/player-run-3.png
  artifactKey: Guid(3f59d4fdf4fe04ab79f11dadde82fe8c) Importer(815301076,1909f56bfc062723c751e8b465ee728b)
Start importing Assets/Sunnyland/artwork/Sprites/player/run/player-run-3.png using Guid(3f59d4fdf4fe04ab79f11dadde82fe8c) Importer(815301076,1909f56bfc062723c751e8b465ee728b)  -> (artifact id: '0b61860041351734220be19b933b6b89') in 0.022126 seconds
  Import took 0.030042 seconds .

========================================================================
Received Import Request.
  Time since last request: 0.000423 seconds.
  path: Assets/Sunnyland/artwork/Sprites/player/run/player-run-5.png
  artifactKey: Guid(f58cc0961cc9146ca9780a0cb1327e5d) Importer(815301076,1909f56bfc062723c751e8b465ee728b)
Start importing Assets/Sunnyland/artwork/Sprites/player/run/player-run-5.png using Guid(f58cc0961cc9146ca9780a0cb1327e5d) Importer(815301076,1909f56bfc062723c751e8b465ee728b)  -> (artifact id: '3d4d741a78dc8d1fa02e5a01538f7023') in 0.034256 seconds
  Import took 0.040129 seconds .

========================================================================
Received Import Request.
  Time since last request: 0.000723 seconds.
  path: Assets/Sunnyland/artwork/Sprites/player/run/player-run-4.png
  artifactKey: Guid(bc3fcf1d561104bea933686de6bade4b) Importer(815301076,1909f56bfc062723c751e8b465ee728b)
Start importing Assets/Sunnyland/artwork/Sprites/player/run/player-run-4.png using Guid(bc3fcf1d561104bea933686de6bade4b) Importer(815301076,1909f56bfc062723c751e8b465ee728b)  -> (artifact id: 'b23e8398f98d9c1da8a5399f3c6089a6') in 0.035185 seconds
  Import took 0.042143 seconds .

========================================================================
Received Import Request.
  Time since last request: 0.000394 seconds.
  path: Assets/Sunnyland/artwork/Sprites/player/run/player-run-2.png
  artifactKey: Guid(d094cf6ac3d8a4d0bbbef5d6d6ad3eed) Importer(815301076,1909f56bfc062723c751e8b465ee728b)
Start importing Assets/Sunnyland/artwork/Sprites/player/run/player-run-2.png using Guid(d094cf6ac3d8a4d0bbbef5d6d6ad3eed) Importer(815301076,1909f56bfc062723c751e8b465ee728b)  -> (artifact id: 'edd3036cc439d318d7dce2161766ebb6') in 0.029947 seconds
  Import took 0.035084 seconds .

========================================================================
Received Import Request.
  Time since last request: 0.000528 seconds.
  path: Assets/Sunnyland/artwork/Sprites/player/run/player-run-6.png
  artifactKey: Guid(af314424f59d946469a97f398e8de53f) Importer(815301076,1909f56bfc062723c751e8b465ee728b)
Start importing Assets/Sunnyland/artwork/Sprites/player/run/player-run-6.png using Guid(af314424f59d946469a97f398e8de53f) Importer(815301076,1909f56bfc062723c751e8b465ee728b)  -> (artifact id: '3529c8a18782a9c75ffa7b22094041fd') in 0.033806 seconds
  Import took 0.044184 seconds .

========================================================================
Received Import Request.
  Time since last request: 8.048107 seconds.
  path: Assets/Sunnyland/artwork/Sprites/player/jump
  artifactKey: Guid(731f9b2c4592c4e36bf859ade76b4d66) Importer(815301076,1909f56bfc062723c751e8b465ee728b)
Start importing Assets/Sunnyland/artwork/Sprites/player/jump using Guid(731f9b2c4592c4e36bf859ade76b4d66) Importer(815301076,1909f56bfc062723c751e8b465ee728b)  -> (artifact id: '117176f0601caa7eec8d0744d0c3a8fc') in 0.020740 seconds
  Import took 0.028915 seconds .

========================================================================
Received Import Request.
  Time since last request: 0.046198 seconds.
  path: Assets/Sunnyland/artwork/Sprites/player/jump/player-jump-1.png
  artifactKey: Guid(e2976d09b53264ffbbb9210a1ae1dcc0) Importer(815301076,1909f56bfc062723c751e8b465ee728b)
Start importing Assets/Sunnyland/artwork/Sprites/player/jump/player-jump-1.png using Guid(e2976d09b53264ffbbb9210a1ae1dcc0) Importer(815301076,1909f56bfc062723c751e8b465ee728b)  -> (artifact id: '64aab2f655fcaaf8bee9f28a552089e7') in 0.037882 seconds
  Import took 0.044534 seconds .

========================================================================
Received Import Request.
  Time since last request: 0.000451 seconds.
  path: Assets/Sunnyland/artwork/Sprites/player/jump/player-jump-2.png
  artifactKey: Guid(598fb1767626f42e992bb9c2769d86ea) Importer(815301076,1909f56bfc062723c751e8b465ee728b)
Start importing Assets/Sunnyland/artwork/Sprites/player/jump/player-jump-2.png using Guid(598fb1767626f42e992bb9c2769d86ea) Importer(815301076,1909f56bfc062723c751e8b465ee728b)  -> (artifact id: 'fde84cbdff35db19680aea155bf96e97') in 0.040129 seconds
  Import took 0.047208 seconds .

========================================================================
Received Import Request.
  Time since last request: 0.005574 seconds.
  path: Assets/Sunnyland/artwork/Sprites/player/jump/player-jump-2.png
  artifactKey: Guid(598fb1767626f42e992bb9c2769d86ea) Importer(815301076,1909f56bfc062723c751e8b465ee728b)
Start importing Assets/Sunnyland/artwork/Sprites/player/jump/player-jump-2.png using Guid(598fb1767626f42e992bb9c2769d86ea) Importer(815301076,1909f56bfc062723c751e8b465ee728b)  -> (artifact id: 'fde84cbdff35db19680aea155bf96e97') in 0.016656 seconds
  Import took 0.024069 seconds .

========================================================================
Received Import Request.
  Time since last request: 12.608165 seconds.
  path: Assets/Sunnyland/artwork/Sprites/Items/cherry
  artifactKey: Guid(2b25fb0d2fb6b4c5f8439e2d629b7e73) Importer(815301076,1909f56bfc062723c751e8b465ee728b)
Start importing Assets/Sunnyland/artwork/Sprites/Items/cherry using Guid(2b25fb0d2fb6b4c5f8439e2d629b7e73) Importer(815301076,1909f56bfc062723c751e8b465ee728b)  -> (artifact id: '5c9f7c266439e8c1e91f1ddd8aa8e1a3') in 0.010943 seconds
  Import took 0.018010 seconds .

========================================================================
Received Import Request.
  Time since last request: 0.066781 seconds.
  path: Assets/Sunnyland/artwork/Sprites/Items/cherry/cherry-1.png
  artifactKey: Guid(bdce2a9cb3d0242958c2593a3b8d8742) Importer(815301076,1909f56bfc062723c751e8b465ee728b)
Start importing Assets/Sunnyland/artwork/Sprites/Items/cherry/cherry-1.png using Guid(bdce2a9cb3d0242958c2593a3b8d8742) Importer(815301076,1909f56bfc062723c751e8b465ee728b)  -> (artifact id: 'cfc25923d035b957639694a1b0f8082a') in 0.034995 seconds
  Import took 0.041929 seconds .

========================================================================
Received Import Request.
  Time since last request: 0.000371 seconds.
  path: Assets/Sunnyland/artwork/Sprites/Items/cherry/cherry-7.png
  artifactKey: Guid(056b6a3f6e14d4af2a7d641c4dd44e79) Importer(815301076,1909f56bfc062723c751e8b465ee728b)
Start importing Assets/Sunnyland/artwork/Sprites/Items/cherry/cherry-7.png using Guid(056b6a3f6e14d4af2a7d641c4dd44e79) Importer(815301076,1909f56bfc062723c751e8b465ee728b)  -> (artifact id: 'b5e2ccee57c143665791127f365cbadc') in 0.058299 seconds
  Import took 0.063007 seconds .

========================================================================
Received Import Request.
  Time since last request: 0.000479 seconds.
  path: Assets/Sunnyland/artwork/Sprites/Items/cherry/cherry-5.png
  artifactKey: Guid(273ba8fade558457eb836eefe69bba7f) Importer(815301076,1909f56bfc062723c751e8b465ee728b)
Start importing Assets/Sunnyland/artwork/Sprites/Items/cherry/cherry-5.png using Guid(273ba8fade558457eb836eefe69bba7f) Importer(815301076,1909f56bfc062723c751e8b465ee728b)  -> (artifact id: 'e6dd4e6059a717591d0c544226a4a176') in 0.048999 seconds
  Import took 0.054026 seconds .

========================================================================
Received Import Request.
  Time since last request: 0.000356 seconds.
  path: Assets/Sunnyland/artwork/Sprites/Items/cherry/cherry-4.png
  artifactKey: Guid(4f3dc6ccaf04b4061a059006d96715f1) Importer(815301076,1909f56bfc062723c751e8b465ee728b)
Start importing Assets/Sunnyland/artwork/Sprites/Items/cherry/cherry-4.png using Guid(4f3dc6ccaf04b4061a059006d96715f1) Importer(815301076,1909f56bfc062723c751e8b465ee728b)  -> (artifact id: '9e93a5ab7ec943a685c3733b7ef503f2') in 0.029405 seconds
  Import took 0.034368 seconds .

========================================================================
Received Import Request.
  Time since last request: 0.000480 seconds.
  path: Assets/Sunnyland/artwork/Sprites/Items/cherry/cherry-3.png
  artifactKey: Guid(06c04197e6f394ba897942f561e896c1) Importer(815301076,1909f56bfc062723c751e8b465ee728b)
Start importing Assets/Sunnyland/artwork/Sprites/Items/cherry/cherry-3.png using Guid(06c04197e6f394ba897942f561e896c1) Importer(815301076,1909f56bfc062723c751e8b465ee728b)  -> (artifact id: '7f1b7aef543ba87f0f4de2f403bd6337') in 0.029330 seconds
  Import took 0.036356 seconds .

========================================================================
Received Import Request.
  Time since last request: 0.000682 seconds.
  path: Assets/Sunnyland/artwork/Sprites/Items/cherry/cherry-2.png
  artifactKey: Guid(8582e97fa62334fbd8bd10c1052e27b8) Importer(815301076,1909f56bfc062723c751e8b465ee728b)
Start importing Assets/Sunnyland/artwork/Sprites/Items/cherry/cherry-2.png using Guid(8582e97fa62334fbd8bd10c1052e27b8) Importer(815301076,1909f56bfc062723c751e8b465ee728b)  -> (artifact id: 'ee683106dfc2a80c2e22ef357c7d4a71') in 0.031165 seconds
  Import took 0.040470 seconds .

========================================================================
Received Import Request.
  Time since last request: 0.000470 seconds.
  path: Assets/Sunnyland/artwork/Sprites/Items/cherry/cherry-6.png
  artifactKey: Guid(4f35b6058a719446ba48dc4dc2704635) Importer(815301076,1909f56bfc062723c751e8b465ee728b)
Start importing Assets/Sunnyland/artwork/Sprites/Items/cherry/cherry-6.png using Guid(4f35b6058a719446ba48dc4dc2704635) Importer(815301076,1909f56bfc062723c751e8b465ee728b)  -> (artifact id: '538ff08c4e4f1c1d3e857ec33f6b3ce9') in 0.028888 seconds
  Import took 0.035380 seconds .

========================================================================
Received Import Request.
  Time since last request: 4.010513 seconds.
  path: Assets/Sunnyland/artwork/Sprites/Items/gem/gem-1.png
  artifactKey: Guid(bd59bf2e866ed4529ae645637eb9c11d) Importer(815301076,1909f56bfc062723c751e8b465ee728b)
Start importing Assets/Sunnyland/artwork/Sprites/Items/gem/gem-1.png using Guid(bd59bf2e866ed4529ae645637eb9c11d) Importer(815301076,1909f56bfc062723c751e8b465ee728b)  -> (artifact id: '97584e9b025c39d047fd0d657c673ade') in 0.020917 seconds
  Import took 0.026096 seconds .

========================================================================
Received Import Request.
  Time since last request: 0.000314 seconds.
  path: Assets/Sunnyland/artwork/Sprites/Items/gem/gem-4.png
  artifactKey: Guid(5f35659c40d6a435fade670c478a52b1) Importer(815301076,1909f56bfc062723c751e8b465ee728b)
Start importing Assets/Sunnyland/artwork/Sprites/Items/gem/gem-4.png using Guid(5f35659c40d6a435fade670c478a52b1) Importer(815301076,1909f56bfc062723c751e8b465ee728b)  -> (artifact id: '8a0296ca655cb09b82377e7a43e799e9') in 0.024429 seconds
  Import took 0.029320 seconds .

========================================================================
Received Import Request.
  Time since last request: 0.000830 seconds.
  path: Assets/Sunnyland/artwork/Sprites/Items/gem/gem-3.png
  artifactKey: Guid(de20f767e3f3f4aff870112daa2b2562) Importer(815301076,1909f56bfc062723c751e8b465ee728b)
Start importing Assets/Sunnyland/artwork/Sprites/Items/gem/gem-3.png using Guid(de20f767e3f3f4aff870112daa2b2562) Importer(815301076,1909f56bfc062723c751e8b465ee728b)  -> (artifact id: '258db74916c107ff87be3ff0b5d112fb') in 0.040984 seconds
  Import took 0.049061 seconds .

========================================================================
Received Import Request.
  Time since last request: 0.000699 seconds.
  path: Assets/Sunnyland/artwork/Sprites/Items/gem/gem-5.png
  artifactKey: Guid(63fd366633d434aeb8ee3ee766305016) Importer(815301076,1909f56bfc062723c751e8b465ee728b)
Start importing Assets/Sunnyland/artwork/Sprites/Items/gem/gem-5.png using Guid(63fd366633d434aeb8ee3ee766305016) Importer(815301076,1909f56bfc062723c751e8b465ee728b)  -> (artifact id: 'b36b3082645c45349b1f6c02f3a67704') in 0.050123 seconds
  Import took 0.057017 seconds .

========================================================================
Received Import Request.
  Time since last request: 0.000537 seconds.
  path: Assets/Sunnyland/artwork/Sprites/Items/gem/gem-2.png
  artifactKey: Guid(c9e6b5e11d0ef456eb7f7ebd3e750671) Importer(815301076,1909f56bfc062723c751e8b465ee728b)
Start importing Assets/Sunnyland/artwork/Sprites/Items/gem/gem-2.png using Guid(c9e6b5e11d0ef456eb7f7ebd3e750671) Importer(815301076,1909f56bfc062723c751e8b465ee728b)  -> (artifact id: '69a81848828b12301070313f6252c81b') in 0.026583 seconds
  Import took 0.036873 seconds .

========================================================================
Received Import Request.
  Time since last request: 3.909751 seconds.
  path: Assets/Sunnyland/artwork/Sprites/Fx/enemy-death/enemy-death-1.png
  artifactKey: Guid(815f73f3585044a32811d21502d58770) Importer(815301076,1909f56bfc062723c751e8b465ee728b)
Start importing Assets/Sunnyland/artwork/Sprites/Fx/enemy-death/enemy-death-1.png using Guid(815f73f3585044a32811d21502d58770) Importer(815301076,1909f56bfc062723c751e8b465ee728b)  -> (artifact id: 'eb0fe1f9a2ee413a7c097c73d1e1ae2f') in 0.024558 seconds
  Import took 0.031548 seconds .

========================================================================
Received Import Request.
  Time since last request: 0.000391 seconds.
  path: Assets/Sunnyland/artwork/Sprites/Fx/enemy-death/enemy-death-5.png
  artifactKey: Guid(635cdc790083c4be9a6a4feb8d976afc) Importer(815301076,1909f56bfc062723c751e8b465ee728b)
Start importing Assets/Sunnyland/artwork/Sprites/Fx/enemy-death/enemy-death-5.png using Guid(635cdc790083c4be9a6a4feb8d976afc) Importer(815301076,1909f56bfc062723c751e8b465ee728b)  -> (artifact id: '10e59bb04828d2c2bc850a15da12de27') in 0.025014 seconds
  Import took 0.029209 seconds .

========================================================================
Received Import Request.
  Time since last request: 0.000540 seconds.
  path: Assets/Sunnyland/artwork/Sprites/Fx/enemy-death/enemy-death-6.png
  artifactKey: Guid(f2065fb3797f1427aa8b3fc04af35e35) Importer(815301076,1909f56bfc062723c751e8b465ee728b)
Start importing Assets/Sunnyland/artwork/Sprites/Fx/enemy-death/enemy-death-6.png using Guid(f2065fb3797f1427aa8b3fc04af35e35) Importer(815301076,1909f56bfc062723c751e8b465ee728b)  -> (artifact id: 'eee5b75ccd2daf6dde2db49efa5976b8') in 0.066768 seconds
  Import took 0.074480 seconds .

========================================================================
Received Import Request.
  Time since last request: 0.000580 seconds.
  path: Assets/Sunnyland/artwork/Sprites/Fx/enemy-death/enemy-death-4.png
  artifactKey: Guid(662dde2f5e71c4d47aadb2a90334c7c8) Importer(815301076,1909f56bfc062723c751e8b465ee728b)
Start importing Assets/Sunnyland/artwork/Sprites/Fx/enemy-death/enemy-death-4.png using Guid(662dde2f5e71c4d47aadb2a90334c7c8) Importer(815301076,1909f56bfc062723c751e8b465ee728b)  -> (artifact id: 'd3442775734e83355b29239f1a1416ae') in 0.032900 seconds
  Import took 0.040652 seconds .

========================================================================
Received Import Request.
  Time since last request: 0.000672 seconds.
  path: Assets/Sunnyland/artwork/Sprites/Fx/enemy-death/enemy-death-2.png
  artifactKey: Guid(1c8013ef5a0c147a5a059fde439f12b6) Importer(815301076,1909f56bfc062723c751e8b465ee728b)
Start importing Assets/Sunnyland/artwork/Sprites/Fx/enemy-death/enemy-death-2.png using Guid(1c8013ef5a0c147a5a059fde439f12b6) Importer(815301076,1909f56bfc062723c751e8b465ee728b)  -> (artifact id: '6c1a8f145b237804fb0f855fc61445e1') in 0.038324 seconds
  Import took 0.047739 seconds .

========================================================================
Received Import Request.
  Time since last request: 0.000610 seconds.
  path: Assets/Sunnyland/artwork/Sprites/Fx/enemy-death/enemy-death-3.png
  artifactKey: Guid(eec3312b68dc24bacb68c6f19907ddcd) Importer(815301076,1909f56bfc062723c751e8b465ee728b)
Start importing Assets/Sunnyland/artwork/Sprites/Fx/enemy-death/enemy-death-3.png using Guid(eec3312b68dc24bacb68c6f19907ddcd) Importer(815301076,1909f56bfc062723c751e8b465ee728b)  -> (artifact id: 'cc7e8713a41f3f0c76f8e30e1acd3bb7') in 0.032571 seconds
  Import took 0.038904 seconds .

========================================================================
Received Import Request.
  Time since last request: 4.283469 seconds.
  path: Assets/Sunnyland/artwork/Sprites/Fx/item-feedback/item-feedback-1.png
  artifactKey: Guid(1a4497d8531b845f185bb7742441138d) Importer(815301076,1909f56bfc062723c751e8b465ee728b)
Start importing Assets/Sunnyland/artwork/Sprites/Fx/item-feedback/item-feedback-1.png using Guid(1a4497d8531b845f185bb7742441138d) Importer(815301076,1909f56bfc062723c751e8b465ee728b)  -> (artifact id: '958f666ab907b256a530de80471bf579') in 0.021491 seconds
  Import took 0.028541 seconds .

========================================================================
Received Import Request.
  Time since last request: 0.000375 seconds.
  path: Assets/Sunnyland/artwork/Sprites/Fx/item-feedback/item-feedback-4.png
  artifactKey: Guid(d1c3b6a233b524474899f14a81d5c3b5) Importer(815301076,1909f56bfc062723c751e8b465ee728b)
Start importing Assets/Sunnyland/artwork/Sprites/Fx/item-feedback/item-feedback-4.png using Guid(d1c3b6a233b524474899f14a81d5c3b5) Importer(815301076,1909f56bfc062723c751e8b465ee728b)  -> (artifact id: 'b6db2c01eb46ac758645daf8292a0c91') in 0.018423 seconds
  Import took 0.024337 seconds .

========================================================================
Received Import Request.
  Time since last request: 0.000633 seconds.
  path: Assets/Sunnyland/artwork/Sprites/Fx/item-feedback/item-feedback-3.png
  artifactKey: Guid(857b27bf305c140dab35e3de694fcfbc) Importer(815301076,1909f56bfc062723c751e8b465ee728b)
Start importing Assets/Sunnyland/artwork/Sprites/Fx/item-feedback/item-feedback-3.png using Guid(857b27bf305c140dab35e3de694fcfbc) Importer(815301076,1909f56bfc062723c751e8b465ee728b)  -> (artifact id: '2e8fd273874dec14eab9ecb6fa462211') in 0.066586 seconds
  Import took 0.073562 seconds .

========================================================================
Received Import Request.
  Time since last request: 0.000722 seconds.
  path: Assets/Sunnyland/artwork/Sprites/Fx/item-feedback/item-feedback-2.png
  artifactKey: Guid(d01b0b4f13e044d0c83c424e542ddcbf) Importer(815301076,1909f56bfc062723c751e8b465ee728b)
Start importing Assets/Sunnyland/artwork/Sprites/Fx/item-feedback/item-feedback-2.png using Guid(d01b0b4f13e044d0c83c424e542ddcbf) Importer(815301076,1909f56bfc062723c751e8b465ee728b)  -> (artifact id: '95851188d142da1666c45ad8f6241801') in 0.044016 seconds
  Import took 0.052020 seconds .

========================================================================
Received Import Request.
  Time since last request: 5.761852 seconds.
  path: Assets/Sunnyland/artwork/Sprites/Enemies/opossum
  artifactKey: Guid(b51573a0febe34fceadd0e7c64f17c94) Importer(815301076,1909f56bfc062723c751e8b465ee728b)
Start importing Assets/Sunnyland/artwork/Sprites/Enemies/opossum using Guid(b51573a0febe34fceadd0e7c64f17c94) Importer(815301076,1909f56bfc062723c751e8b465ee728b)  -> (artifact id: 'd12e7768abb47a0e201d298a4fc5d727') in 0.012891 seconds
  Import took 0.017826 seconds .

========================================================================
Received Import Request.
  Time since last request: 2.015177 seconds.
  path: Assets/Sunnyland/artwork/Sprites/Enemies/eagle
  artifactKey: Guid(b38ec059928884139a1fc35d6fb8bb08) Importer(815301076,1909f56bfc062723c751e8b465ee728b)
Start importing Assets/Sunnyland/artwork/Sprites/Enemies/eagle using Guid(b38ec059928884139a1fc35d6fb8bb08) Importer(815301076,1909f56bfc062723c751e8b465ee728b)  -> (artifact id: '84bde6cc5a82ab16038a4f6577c4a451') in 0.012287 seconds
  Import took 0.018719 seconds .

========================================================================
Received Import Request.
  Time since last request: 0.061908 seconds.
  path: Assets/Sunnyland/artwork/Sprites/Enemies/eagle/eagle-attack-1.png
  artifactKey: Guid(f240dfd4814d34d55a9b033f3c9d8a60) Importer(815301076,1909f56bfc062723c751e8b465ee728b)
Start importing Assets/Sunnyland/artwork/Sprites/Enemies/eagle/eagle-attack-1.png using Guid(f240dfd4814d34d55a9b033f3c9d8a60) Importer(815301076,1909f56bfc062723c751e8b465ee728b)  -> (artifact id: 'cce830c3fb9008c5aa8ecdee3d67f0b8') in 0.031366 seconds
  Import took 0.036778 seconds .

========================================================================
Received Import Request.
  Time since last request: 0.000452 seconds.
  path: Assets/Sunnyland/artwork/Sprites/Enemies/eagle/eagle-attack-4.png
  artifactKey: Guid(63301056ddf5f4841800915f26c302d2) Importer(815301076,1909f56bfc062723c751e8b465ee728b)
Start importing Assets/Sunnyland/artwork/Sprites/Enemies/eagle/eagle-attack-4.png using Guid(63301056ddf5f4841800915f26c302d2) Importer(815301076,1909f56bfc062723c751e8b465ee728b)  -> (artifact id: '193fb0ac48ea2cf32b91b69654215ac4') in 0.021106 seconds
  Import took 0.027481 seconds .

========================================================================
Received Import Request.
  Time since last request: 0.000481 seconds.
  path: Assets/Sunnyland/artwork/Sprites/Enemies/eagle/eagle-attack-3.png
  artifactKey: Guid(36ec151523b4340ef982c2e9eb0af881) Importer(815301076,1909f56bfc062723c751e8b465ee728b)
Start importing Assets/Sunnyland/artwork/Sprites/Enemies/eagle/eagle-attack-3.png using Guid(36ec151523b4340ef982c2e9eb0af881) Importer(815301076,1909f56bfc062723c751e8b465ee728b)  -> (artifact id: '675fe7e532771200ed9edb58e7a3e005') in 0.053166 seconds
  Import took 0.059311 seconds .

========================================================================
Received Import Request.
  Time since last request: 0.000623 seconds.
  path: Assets/Sunnyland/artwork/Sprites/Enemies/eagle/eagle-attack-2.png
  artifactKey: Guid(c97786e9459b34e058449b84cd9aab61) Importer(815301076,1909f56bfc062723c751e8b465ee728b)
Start importing Assets/Sunnyland/artwork/Sprites/Enemies/eagle/eagle-attack-2.png using Guid(c97786e9459b34e058449b84cd9aab61) Importer(815301076,1909f56bfc062723c751e8b465ee728b)  -> (artifact id: '1daa43f2067c14f145bf6d9ebff2fc28') in 0.037439 seconds
  Import took 0.044621 seconds .

========================================================================
Received Import Request.
  Time since last request: 0.009112 seconds.
  path: Assets/Sunnyland/artwork/Sprites/Enemies/eagle/eagle-attack-2.png
  artifactKey: Guid(c97786e9459b34e058449b84cd9aab61) Importer(815301076,1909f56bfc062723c751e8b465ee728b)
Start importing Assets/Sunnyland/artwork/Sprites/Enemies/eagle/eagle-attack-2.png using Guid(c97786e9459b34e058449b84cd9aab61) Importer(815301076,1909f56bfc062723c751e8b465ee728b)  -> (artifact id: '1daa43f2067c14f145bf6d9ebff2fc28') in 0.024320 seconds
  Import took 0.032089 seconds .

========================================================================
Received Import Request.
  Time since last request: 3.807020 seconds.
  path: Assets/Sunnyland/artwork/Sprites/Enemies/frog
  artifactKey: Guid(146e5c72b642042a7bff0a4312903a62) Importer(815301076,1909f56bfc062723c751e8b465ee728b)
Start importing Assets/Sunnyland/artwork/Sprites/Enemies/frog using Guid(146e5c72b642042a7bff0a4312903a62) Importer(815301076,1909f56bfc062723c751e8b465ee728b)  -> (artifact id: '66f30d5781076c9dcf184cc8ef91c4bd') in 0.015582 seconds
  Import took 0.020868 seconds .

========================================================================
Received Import Request.
  Time since last request: 0.891396 seconds.
  path: Assets/Sunnyland/artwork/Sprites/Enemies/frog/jump
  artifactKey: Guid(a4f9d8ce2dee641fa9830749f6d85fd5) Importer(815301076,1909f56bfc062723c751e8b465ee728b)
Start importing Assets/Sunnyland/artwork/Sprites/Enemies/frog/jump using Guid(a4f9d8ce2dee641fa9830749f6d85fd5) Importer(815301076,1909f56bfc062723c751e8b465ee728b)  -> (artifact id: '225bcff5d76c14301895a919154ce740') in 0.003844 seconds
  Import took 0.009647 seconds .

========================================================================
Received Import Request.
  Time since last request: 0.001090 seconds.
  path: Assets/Sunnyland/artwork/Sprites/Enemies/frog/jump
  artifactKey: Guid(a4f9d8ce2dee641fa9830749f6d85fd5) Importer(815301076,1909f56bfc062723c751e8b465ee728b)
Start importing Assets/Sunnyland/artwork/Sprites/Enemies/frog/jump using Guid(a4f9d8ce2dee641fa9830749f6d85fd5) Importer(815301076,1909f56bfc062723c751e8b465ee728b)  -> (artifact id: '225bcff5d76c14301895a919154ce740') in 0.005260 seconds
  Import took 0.011569 seconds .

========================================================================
Received Import Request.
  Time since last request: 0.584308 seconds.
  path: Assets/Sunnyland/artwork/Sprites/Enemies/frog/jump/frog-jump-1.png
  artifactKey: Guid(54bcabc188c6640f1a298f013d4716df) Importer(815301076,1909f56bfc062723c751e8b465ee728b)
Start importing Assets/Sunnyland/artwork/Sprites/Enemies/frog/jump/frog-jump-1.png using Guid(54bcabc188c6640f1a298f013d4716df) Importer(815301076,1909f56bfc062723c751e8b465ee728b)  -> (artifact id: '159a833ccda2dcf40fdc0b810029accb') in 0.026894 seconds
  Import took 0.032223 seconds .

========================================================================
Received Import Request.
  Time since last request: 0.000524 seconds.
  path: Assets/Sunnyland/artwork/Sprites/Enemies/frog/jump/frog-jump-2.png
  artifactKey: Guid(54925aea4bcc94726afa87df59ae72f7) Importer(815301076,1909f56bfc062723c751e8b465ee728b)
Start importing Assets/Sunnyland/artwork/Sprites/Enemies/frog/jump/frog-jump-2.png using Guid(54925aea4bcc94726afa87df59ae72f7) Importer(815301076,1909f56bfc062723c751e8b465ee728b)  -> (artifact id: 'f2d0c6cc06e6a8521184605060fa571a') in 0.029526 seconds
  Import took 0.035131 seconds .

========================================================================
Received Import Request.
  Time since last request: 2.759151 seconds.
  path: Assets/Sunnyland/artwork/Sprites/player
  artifactKey: Guid(c38f07c49aff74810b5ee46bc2a90197) Importer(815301076,1909f56bfc062723c751e8b465ee728b)
Start importing Assets/Sunnyland/artwork/Sprites/player using Guid(c38f07c49aff74810b5ee46bc2a90197) Importer(815301076,1909f56bfc062723c751e8b465ee728b)  -> (artifact id: '4a0b78b6682ba655ca6d387148ba46f8') in 0.014036 seconds
  Import took 0.018813 seconds .

========================================================================
Received Import Request.
  Time since last request: 363.145103 seconds.
  path: Assets/Sunny Land Forest Assets/Artwork/Sprites/player/player-jump
  artifactKey: Guid(327eb112392074099823366ea9a0b632) Importer(815301076,1909f56bfc062723c751e8b465ee728b)
Start importing Assets/Sunny Land Forest Assets/Artwork/Sprites/player/player-jump using Guid(327eb112392074099823366ea9a0b632) Importer(815301076,1909f56bfc062723c751e8b465ee728b)  -> (artifact id: 'a082dd9636d2b08bf06799afd61dd6ae') in 0.024847 seconds
  Import took 0.037558 seconds .

========================================================================
Received Import Request.
  Time since last request: 0.097955 seconds.
  path: Assets/Sunny Land Forest Assets/Artwork/Sprites/player/player-jump/player-jump-1.png
  artifactKey: Guid(bc177dfba8bc94154a3b8f22da769fd6) Importer(815301076,1909f56bfc062723c751e8b465ee728b)
Start importing Assets/Sunny Land Forest Assets/Artwork/Sprites/player/player-jump/player-jump-1.png using Guid(bc177dfba8bc94154a3b8f22da769fd6) Importer(815301076,1909f56bfc062723c751e8b465ee728b)  -> (artifact id: '2d7f3b04c9bc82206b7b68ffb9bc3b60') in 0.039087 seconds
  Import took 0.049266 seconds .

========================================================================
Received Import Request.
  Time since last request: 0.000562 seconds.
  path: Assets/Sunny Land Forest Assets/Artwork/Sprites/player/player-jump/player-jump-3.png
  artifactKey: Guid(24a6b588383174a0094301da3064b01c) Importer(815301076,1909f56bfc062723c751e8b465ee728b)
Start importing Assets/Sunny Land Forest Assets/Artwork/Sprites/player/player-jump/player-jump-3.png using Guid(24a6b588383174a0094301da3064b01c) Importer(815301076,1909f56bfc062723c751e8b465ee728b)  -> (artifact id: '8dbb91f2f36c1a051e65a9826e86d69b') in 0.033743 seconds
  Import took 0.043646 seconds .

========================================================================
Received Import Request.
  Time since last request: 0.000666 seconds.
  path: Assets/Sunny Land Forest Assets/Artwork/Sprites/player/player-jump/player-jump-2.png
  artifactKey: Guid(dcbdfa3a77510456ca1ff04b696338e8) Importer(815301076,1909f56bfc062723c751e8b465ee728b)
Start importing Assets/Sunny Land Forest Assets/Artwork/Sprites/player/player-jump/player-jump-2.png using Guid(dcbdfa3a77510456ca1ff04b696338e8) Importer(815301076,1909f56bfc062723c751e8b465ee728b)  -> (artifact id: 'a343f183b6033001b4ae86e72bccb3df') in 0.041839 seconds
  Import took 0.054767 seconds .

========================================================================
Received Import Request.
  Time since last request: 0.000503 seconds.
  path: Assets/Sunny Land Forest Assets/Artwork/Sprites/player/player-jump/player-jump-4.png
  artifactKey: Guid(6750907b9c70e446aac2628e2f34cd38) Importer(815301076,1909f56bfc062723c751e8b465ee728b)
Start importing Assets/Sunny Land Forest Assets/Artwork/Sprites/player/player-jump/player-jump-4.png using Guid(6750907b9c70e446aac2628e2f34cd38) Importer(815301076,1909f56bfc062723c751e8b465ee728b)  -> (artifact id: '3f03cfbb547a2ee498c45485fe413277') in 0.047656 seconds
  Import took 0.056840 seconds .

========================================================================
Received Import Request.
  Time since last request: 6.624889 seconds.
  path: Assets/Sunny Land Forest Assets/Artwork/Sprites/misc/star/star-1.png
  artifactKey: Guid(8873b6448e7094ea9861c4adb3446863) Importer(815301076,1909f56bfc062723c751e8b465ee728b)
Start importing Assets/Sunny Land Forest Assets/Artwork/Sprites/misc/star/star-1.png using Guid(8873b6448e7094ea9861c4adb3446863) Importer(815301076,1909f56bfc062723c751e8b465ee728b)  -> (artifact id: 'f813ba54a1ba9bc235e8a8aa0d4b7970') in 0.035255 seconds
  Import took 0.049643 seconds .

========================================================================
Received Import Request.
  Time since last request: 0.000711 seconds.
  path: Assets/Sunny Land Forest Assets/Artwork/Sprites/misc/star/star-3.png
  artifactKey: Guid(d1aacfd62b97944e4b44813b746f7f3b) Importer(815301076,1909f56bfc062723c751e8b465ee728b)
Start importing Assets/Sunny Land Forest Assets/Artwork/Sprites/misc/star/star-3.png using Guid(d1aacfd62b97944e4b44813b746f7f3b) Importer(815301076,1909f56bfc062723c751e8b465ee728b)  -> (artifact id: '1cfe6529c83c6eba0040a2aacbed7e44') in 0.045238 seconds
  Import took 0.055721 seconds .

========================================================================
Received Import Request.
  Time since last request: 0.000541 seconds.
  path: Assets/Sunny Land Forest Assets/Artwork/Sprites/misc/star/star-2.png
  artifactKey: Guid(7217c7d8369ef425fb7595f18eca11f8) Importer(815301076,1909f56bfc062723c751e8b465ee728b)
Start importing Assets/Sunny Land Forest Assets/Artwork/Sprites/misc/star/star-2.png using Guid(7217c7d8369ef425fb7595f18eca11f8) Importer(815301076,1909f56bfc062723c751e8b465ee728b)  -> (artifact id: 'f81beea3410ea5265b9d73d7aa7e5508') in 0.043197 seconds
  Import took 0.053221 seconds .

========================================================================
Received Import Request.
  Time since last request: 0.000736 seconds.
  path: Assets/Sunny Land Forest Assets/Artwork/Sprites/misc/star/star-6.png
  artifactKey: Guid(cbba5e13fbf474432b7340b6077eebe6) Importer(815301076,1909f56bfc062723c751e8b465ee728b)
Start importing Assets/Sunny Land Forest Assets/Artwork/Sprites/misc/star/star-6.png using Guid(cbba5e13fbf474432b7340b6077eebe6) Importer(815301076,1909f56bfc062723c751e8b465ee728b)  -> (artifact id: '4679e8bb65bf432811a1fbcb01b44504') in 0.057886 seconds
  Import took 0.071099 seconds .

========================================================================
Received Import Request.
  Time since last request: 0.000851 seconds.
  path: Assets/Sunny Land Forest Assets/Artwork/Sprites/misc/star/star-4.png
  artifactKey: Guid(cd17048ac3cae4866b2c901e53308c7a) Importer(815301076,1909f56bfc062723c751e8b465ee728b)
Start importing Assets/Sunny Land Forest Assets/Artwork/Sprites/misc/star/star-4.png using Guid(cd17048ac3cae4866b2c901e53308c7a) Importer(815301076,1909f56bfc062723c751e8b465ee728b)  -> (artifact id: 'f0d8a8d0a2b075a5724eb6fcf28aa0ed') in 0.030204 seconds
  Import took 0.037694 seconds .

========================================================================
Received Import Request.
  Time since last request: 0.000659 seconds.
  path: Assets/Sunny Land Forest Assets/Artwork/Sprites/misc/star/star-5.png
  artifactKey: Guid(28da0da3a9b8048c39f1c7234ef3a760) Importer(815301076,1909f56bfc062723c751e8b465ee728b)
Start importing Assets/Sunny Land Forest Assets/Artwork/Sprites/misc/star/star-5.png using Guid(28da0da3a9b8048c39f1c7234ef3a760) Importer(815301076,1909f56bfc062723c751e8b465ee728b)  -> (artifact id: 'f0fdb9ca6e5d2c2d57a5664ecaab2638') in 0.040251 seconds
  Import took 0.050039 seconds .

========================================================================
Received Import Request.
  Time since last request: 2.556138 seconds.
  path: Assets/Sunny Land Forest Assets/Artwork/Sprites/misc/hud/hud-1.png
  artifactKey: Guid(b18aa9795ff504f048a193653a6aaaa6) Importer(815301076,1909f56bfc062723c751e8b465ee728b)
Start importing Assets/Sunny Land Forest Assets/Artwork/Sprites/misc/hud/hud-1.png using Guid(b18aa9795ff504f048a193653a6aaaa6) Importer(815301076,1909f56bfc062723c751e8b465ee728b)  -> (artifact id: '8e7ac02d4df2a55564f4479bb0e95a01') in 0.035518 seconds
  Import took 0.045421 seconds .

========================================================================
Received Import Request.
  Time since last request: 0.000533 seconds.
  path: Assets/Sunny Land Forest Assets/Artwork/Sprites/misc/hud/hud-3.png
  artifactKey: Guid(95494a9f649d4463b85a095258c83af4) Importer(815301076,1909f56bfc062723c751e8b465ee728b)
Start importing Assets/Sunny Land Forest Assets/Artwork/Sprites/misc/hud/hud-3.png using Guid(95494a9f649d4463b85a095258c83af4) Importer(815301076,1909f56bfc062723c751e8b465ee728b)  -> (artifact id: '760b14066c73753add070bb14a5cb628') in 0.039907 seconds
  Import took 0.049020 seconds .

========================================================================
Received Import Request.
  Time since last request: 0.000662 seconds.
  path: Assets/Sunny Land Forest Assets/Artwork/Sprites/misc/hud/hud-2.png
  artifactKey: Guid(3c2eeae102fc54c208ca164fd14595be) Importer(815301076,1909f56bfc062723c751e8b465ee728b)
Start importing Assets/Sunny Land Forest Assets/Artwork/Sprites/misc/hud/hud-2.png using Guid(3c2eeae102fc54c208ca164fd14595be) Importer(815301076,1909f56bfc062723c751e8b465ee728b)  -> (artifact id: 'f435860da5fb5fb0a78e91209c7efc4f') in 0.039747 seconds
  Import took 0.049366 seconds .

========================================================================
Received Import Request.
  Time since last request: 0.000853 seconds.
  path: Assets/Sunny Land Forest Assets/Artwork/Sprites/misc/hud/hud-4.png
  artifactKey: Guid(d43faa95ae8bf43a6acb96b79294243c) Importer(815301076,1909f56bfc062723c751e8b465ee728b)
Start importing Assets/Sunny Land Forest Assets/Artwork/Sprites/misc/hud/hud-4.png using Guid(d43faa95ae8bf43a6acb96b79294243c) Importer(815301076,1909f56bfc062723c751e8b465ee728b)  -> (artifact id: '9e0c75227d1055f095289e52458f8bfa') in 0.041807 seconds
  Import took 0.051465 seconds .

========================================================================
Received Import Request.
  Time since last request: 9.227888 seconds.
  path: Assets/Sunny Land Forest Assets/Artwork/Sprites/misc/enemy-death/enemy-death-1.png
  artifactKey: Guid(973c516a244e444e1a055d4bf495ccc2) Importer(815301076,1909f56bfc062723c751e8b465ee728b)
Start importing Assets/Sunny Land Forest Assets/Artwork/Sprites/misc/enemy-death/enemy-death-1.png using Guid(973c516a244e444e1a055d4bf495ccc2) Importer(815301076,1909f56bfc062723c751e8b465ee728b)  -> (artifact id: '76348aedb096db0df580ca810680fb00') in 0.041102 seconds
  Import took 0.051463 seconds .

========================================================================
Received Import Request.
  Time since last request: 0.000608 seconds.
  path: Assets/Sunny Land Forest Assets/Artwork/Sprites/misc/enemy-death/enemy-death-5.png
  artifactKey: Guid(750af71cd7cb043608f1c052510f52d8) Importer(815301076,1909f56bfc062723c751e8b465ee728b)
Start importing Assets/Sunny Land Forest Assets/Artwork/Sprites/misc/enemy-death/enemy-death-5.png using Guid(750af71cd7cb043608f1c052510f52d8) Importer(815301076,1909f56bfc062723c751e8b465ee728b)  -> (artifact id: '91a46a15307cfa06dc07d046c21e2fbe') in 0.040230 seconds
  Import took 0.048552 seconds .

========================================================================
Received Import Request.
  Time since last request: 0.000566 seconds.
  path: Assets/Sunny Land Forest Assets/Artwork/Sprites/misc/enemy-death/enemy-death-2.png
  artifactKey: Guid(230c16100a2dd4699b38ac45494e40f0) Importer(815301076,1909f56bfc062723c751e8b465ee728b)
Start importing Assets/Sunny Land Forest Assets/Artwork/Sprites/misc/enemy-death/enemy-death-2.png using Guid(230c16100a2dd4699b38ac45494e40f0) Importer(815301076,1909f56bfc062723c751e8b465ee728b)  -> (artifact id: 'adcde642a82fb5c0bf1ea0020dee65e7') in 0.048898 seconds
  Import took 0.060508 seconds .

========================================================================
Received Import Request.
  Time since last request: 0.000596 seconds.
  path: Assets/Sunny Land Forest Assets/Artwork/Sprites/misc/enemy-death/enemy-death-3.png
  artifactKey: Guid(8c754f1f2bdc943c19af65e5cb79543b) Importer(815301076,1909f56bfc062723c751e8b465ee728b)
Start importing Assets/Sunny Land Forest Assets/Artwork/Sprites/misc/enemy-death/enemy-death-3.png using Guid(8c754f1f2bdc943c19af65e5cb79543b) Importer(815301076,1909f56bfc062723c751e8b465ee728b)  -> (artifact id: 'a13a055b7eae204ab998879fb325a998') in 0.035914 seconds
  Import took 0.044241 seconds .

========================================================================
Received Import Request.
  Time since last request: 0.000559 seconds.
  path: Assets/Sunny Land Forest Assets/Artwork/Sprites/misc/enemy-death/enemy-death-2.png
  artifactKey: Guid(230c16100a2dd4699b38ac45494e40f0) Importer(815301076,1909f56bfc062723c751e8b465ee728b)
Start importing Assets/Sunny Land Forest Assets/Artwork/Sprites/misc/enemy-death/enemy-death-2.png using Guid(230c16100a2dd4699b38ac45494e40f0) Importer(815301076,1909f56bfc062723c751e8b465ee728b)  -> (artifact id: 'adcde642a82fb5c0bf1ea0020dee65e7') in 0.024738 seconds
  Import took 0.037448 seconds .

========================================================================
Received Import Request.
  Time since last request: 0.000853 seconds.
  path: Assets/Sunny Land Forest Assets/Artwork/Sprites/misc/enemy-death/enemy-death-4.png
  artifactKey: Guid(574c662a4ce9c4320be1611ddbc2ed35) Importer(815301076,1909f56bfc062723c751e8b465ee728b)
Start importing Assets/Sunny Land Forest Assets/Artwork/Sprites/misc/enemy-death/enemy-death-4.png using Guid(574c662a4ce9c4320be1611ddbc2ed35) Importer(815301076,1909f56bfc062723c751e8b465ee728b)  -> (artifact id: 'fd72f71c92109254366d6ac925dab163') in 0.051339 seconds
  Import took 0.060848 seconds .

========================================================================
Received Import Request.
  Time since last request: 0.000881 seconds.
  path: Assets/Sunny Land Forest Assets/Artwork/Sprites/misc/enemy-death/enemy-death-6.png
  artifactKey: Guid(52edd99451a0a440a8638e8d1d9a565d) Importer(815301076,1909f56bfc062723c751e8b465ee728b)
Start importing Assets/Sunny Land Forest Assets/Artwork/Sprites/misc/enemy-death/enemy-death-6.png using Guid(52edd99451a0a440a8638e8d1d9a565d) Importer(815301076,1909f56bfc062723c751e8b465ee728b)  -> (artifact id: '1b5637ff93c3d33007d5368f9eacb04e') in 0.038488 seconds
  Import took 0.050238 seconds .

========================================================================
Received Import Request.
  Time since last request: 1.990024 seconds.
  path: Assets/Sunny Land Forest Assets/Artwork/Sprites/misc/chest/chest-1.png
  artifactKey: Guid(14a999e6bc2c34f368b03649dead9d94) Importer(815301076,1909f56bfc062723c751e8b465ee728b)
Start importing Assets/Sunny Land Forest Assets/Artwork/Sprites/misc/chest/chest-1.png using Guid(14a999e6bc2c34f368b03649dead9d94) Importer(815301076,1909f56bfc062723c751e8b465ee728b)  -> (artifact id: '795b671fce27103988e30fff49141700') in 0.046299 seconds
  Import took 0.060537 seconds .

========================================================================
Received Import Request.
  Time since last request: 0.000786 seconds.
  path: Assets/Sunny Land Forest Assets/Artwork/Sprites/misc/chest/chest-2.png
  artifactKey: Guid(1c94b4117c4854885beb4d2779c5a9d0) Importer(815301076,1909f56bfc062723c751e8b465ee728b)
Start importing Assets/Sunny Land Forest Assets/Artwork/Sprites/misc/chest/chest-2.png using Guid(1c94b4117c4854885beb4d2779c5a9d0) Importer(815301076,1909f56bfc062723c751e8b465ee728b)  -> (artifact id: '74cbca52f6e63e90a12c11c8dc88be9b') in 0.035101 seconds
  Import took 0.044696 seconds .

========================================================================
Received Import Request.
  Time since last request: 3.804844 seconds.
  path: Assets/Sunny Land Forest Assets/Artwork/Sprites/misc/carrot/carrot-1.png
  artifactKey: Guid(a3917d9ddd18744a69be8a1b1a3eaa88) Importer(815301076,1909f56bfc062723c751e8b465ee728b)
Start importing Assets/Sunny Land Forest Assets/Artwork/Sprites/misc/carrot/carrot-1.png using Guid(a3917d9ddd18744a69be8a1b1a3eaa88) Importer(815301076,1909f56bfc062723c751e8b465ee728b)  -> (artifact id: 'de08962cf10676d57a24b61c8148a86e') in 0.047056 seconds
  Import took 0.058110 seconds .

========================================================================
Received Import Request.
  Time since last request: 0.000952 seconds.
  path: Assets/Sunny Land Forest Assets/Artwork/Sprites/misc/carrot/carrot-2.png
  artifactKey: Guid(fff8d782ab2594fddba3dc9bc8c2db01) Importer(815301076,1909f56bfc062723c751e8b465ee728b)
Start importing Assets/Sunny Land Forest Assets/Artwork/Sprites/misc/carrot/carrot-2.png using Guid(fff8d782ab2594fddba3dc9bc8c2db01) Importer(815301076,1909f56bfc062723c751e8b465ee728b)  -> (artifact id: '6ef4a2c0db2a89c4b78b8f2ba90a7be7') in 0.039943 seconds
  Import took 0.051997 seconds .

========================================================================
Received Import Request.
  Time since last request: 0.000881 seconds.
  path: Assets/Sunny Land Forest Assets/Artwork/Sprites/misc/carrot/carrot-4.png
  artifactKey: Guid(64f86a54aedf140e9b24babbac319617) Importer(815301076,1909f56bfc062723c751e8b465ee728b)
Start importing Assets/Sunny Land Forest Assets/Artwork/Sprites/misc/carrot/carrot-4.png using Guid(64f86a54aedf140e9b24babbac319617) Importer(815301076,1909f56bfc062723c751e8b465ee728b)  -> (artifact id: 'd8baaf9c0af054df6861b429cb87f2bc') in 0.063100 seconds
  Import took 0.074011 seconds .

========================================================================
Received Import Request.
  Time since last request: 0.000618 seconds.
  path: Assets/Sunny Land Forest Assets/Artwork/Sprites/misc/carrot/carrot-3.png
  artifactKey: Guid(2b341c7940b2d4c02890dbbfe8c9e950) Importer(815301076,1909f56bfc062723c751e8b465ee728b)
Start importing Assets/Sunny Land Forest Assets/Artwork/Sprites/misc/carrot/carrot-3.png using Guid(2b341c7940b2d4c02890dbbfe8c9e950) Importer(815301076,1909f56bfc062723c751e8b465ee728b)  -> (artifact id: '1ea1bb27ceb6bdf77e8947d735ee2150') in 0.044192 seconds
  Import took 0.055780 seconds .

========================================================================
Received Import Request.
  Time since last request: 5.902005 seconds.
  path: Assets/Sunny Land Forest Assets/Artwork/Sprites/enemies/slug/slug-1.png
  artifactKey: Guid(6c38dfd7970ac4270aa8ba1f5d845cd0) Importer(815301076,1909f56bfc062723c751e8b465ee728b)
Start importing Assets/Sunny Land Forest Assets/Artwork/Sprites/enemies/slug/slug-1.png using Guid(6c38dfd7970ac4270aa8ba1f5d845cd0) Importer(815301076,1909f56bfc062723c751e8b465ee728b)  -> (artifact id: 'c3288982cdfb1f89c5fe575de7003442') in 0.033758 seconds
  Import took 0.042967 seconds .

========================================================================
Received Import Request.
  Time since last request: 0.000591 seconds.
  path: Assets/Sunny Land Forest Assets/Artwork/Sprites/enemies/slug/slug-3.png
  artifactKey: Guid(bd232118c7523486fb113f71be454a7f) Importer(815301076,1909f56bfc062723c751e8b465ee728b)
Start importing Assets/Sunny Land Forest Assets/Artwork/Sprites/enemies/slug/slug-3.png using Guid(bd232118c7523486fb113f71be454a7f) Importer(815301076,1909f56bfc062723c751e8b465ee728b)  -> (artifact id: 'd7ce845428aa3a2f6ddda3c97665449d') in 0.029663 seconds
  Import took 0.039904 seconds .

========================================================================
Received Import Request.
  Time since last request: 0.000866 seconds.
  path: Assets/Sunny Land Forest Assets/Artwork/Sprites/enemies/slug/slug-4.png
  artifactKey: Guid(5ebd3bd85388545a5818fd8587c988a8) Importer(815301076,1909f56bfc062723c751e8b465ee728b)
Start importing Assets/Sunny Land Forest Assets/Artwork/Sprites/enemies/slug/slug-4.png using Guid(5ebd3bd85388545a5818fd8587c988a8) Importer(815301076,1909f56bfc062723c751e8b465ee728b)  -> (artifact id: 'caa2cb2d60979fa60cdc3572235146ad') in 0.047428 seconds
  Import took 0.055821 seconds .

========================================================================
Received Import Request.
  Time since last request: 0.000778 seconds.
  path: Assets/Sunny Land Forest Assets/Artwork/Sprites/enemies/slug/slug-2.png
  artifactKey: Guid(132f3047e7446419d96cca56122068b2) Importer(815301076,1909f56bfc062723c751e8b465ee728b)
Start importing Assets/Sunny Land Forest Assets/Artwork/Sprites/enemies/slug/slug-2.png using Guid(132f3047e7446419d96cca56122068b2) Importer(815301076,1909f56bfc062723c751e8b465ee728b)  -> (artifact id: '95cea578e998f1f4db6844518f957793') in 0.042066 seconds
  Import took 0.052130 seconds .

========================================================================
Received Import Request.
  Time since last request: 0.014763 seconds.
  path: Assets/Sunny Land Forest Assets/Artwork/Sprites/enemies/slug/slug-2.png
  artifactKey: Guid(132f3047e7446419d96cca56122068b2) Importer(815301076,1909f56bfc062723c751e8b465ee728b)
Start importing Assets/Sunny Land Forest Assets/Artwork/Sprites/enemies/slug/slug-2.png using Guid(132f3047e7446419d96cca56122068b2) Importer(815301076,1909f56bfc062723c751e8b465ee728b)  -> (artifact id: '95cea578e998f1f4db6844518f957793') in 0.022661 seconds
  Import took 0.032528 seconds .

========================================================================
Received Import Request.
  Time since last request: 3.358460 seconds.
  path: Assets/Sunny Land Forest Assets/Artwork/Sprites/enemies/piranha-plant-attack/piranha-plant-attack-1.png
  artifactKey: Guid(cabcb1993aa69468187283fe2f1525e7) Importer(815301076,1909f56bfc062723c751e8b465ee728b)
Start importing Assets/Sunny Land Forest Assets/Artwork/Sprites/enemies/piranha-plant-attack/piranha-plant-attack-1.png using Guid(cabcb1993aa69468187283fe2f1525e7) Importer(815301076,1909f56bfc062723c751e8b465ee728b)  -> (artifact id: '50a052b7a2c2d54deee4d52980d53ac3') in 0.023273 seconds
  Import took 0.031860 seconds .

========================================================================
Received Import Request.
  Time since last request: 0.000397 seconds.
  path: Assets/Sunny Land Forest Assets/Artwork/Sprites/enemies/piranha-plant-attack/piranha-plant-attack-2.png
  artifactKey: Guid(5d0f04e48931b4d1b8eedfbb4f2fc583) Importer(815301076,1909f56bfc062723c751e8b465ee728b)
Start importing Assets/Sunny Land Forest Assets/Artwork/Sprites/enemies/piranha-plant-attack/piranha-plant-attack-2.png using Guid(5d0f04e48931b4d1b8eedfbb4f2fc583) Importer(815301076,1909f56bfc062723c751e8b465ee728b)  -> (artifact id: '5d2ee4376ebd2e37a5563fa5b65ea753') in 0.024928 seconds
  Import took 0.032112 seconds .

========================================================================
Received Import Request.
  Time since last request: 0.000545 seconds.
  path: Assets/Sunny Land Forest Assets/Artwork/Sprites/enemies/piranha-plant-attack/piranha-plant-attack-4.png
  artifactKey: Guid(743448c7c0bdd4fe2807d4ea4631f06c) Importer(815301076,1909f56bfc062723c751e8b465ee728b)
Start importing Assets/Sunny Land Forest Assets/Artwork/Sprites/enemies/piranha-plant-attack/piranha-plant-attack-4.png using Guid(743448c7c0bdd4fe2807d4ea4631f06c) Importer(815301076,1909f56bfc062723c751e8b465ee728b)  -> (artifact id: '31fefb7c3ea66d4bd258d2f53f52949e') in 0.034245 seconds
  Import took 0.039996 seconds .

========================================================================
Received Import Request.
  Time since last request: 0.000484 seconds.
  path: Assets/Sunny Land Forest Assets/Artwork/Sprites/enemies/piranha-plant-attack/piranha-plant-attack-3.png
  artifactKey: Guid(b5021aa6d01924c789ec214f2afb5cbc) Importer(815301076,1909f56bfc062723c751e8b465ee728b)
Start importing Assets/Sunny Land Forest Assets/Artwork/Sprites/enemies/piranha-plant-attack/piranha-plant-attack-3.png using Guid(b5021aa6d01924c789ec214f2afb5cbc) Importer(815301076,1909f56bfc062723c751e8b465ee728b)  -> (artifact id: '1d5fc4c2612e8b576c791491c04bbe86') in 0.027276 seconds
  Import took 0.032585 seconds .

========================================================================
Received Import Request.
  Time since last request: 2.502628 seconds.
  path: Assets/Sunny Land Forest Assets/Artwork/Sprites/enemies/piranha-plant/piranha-plant-1.png
  artifactKey: Guid(86afbf04432b34e1883a20f99f007881) Importer(815301076,1909f56bfc062723c751e8b465ee728b)
Start importing Assets/Sunny Land Forest Assets/Artwork/Sprites/enemies/piranha-plant/piranha-plant-1.png using Guid(86afbf04432b34e1883a20f99f007881) Importer(815301076,1909f56bfc062723c751e8b465ee728b)  -> (artifact id: 'a6d7b83fdfede05b683989df833f9972') in 0.029244 seconds
  Import took 0.034662 seconds .

========================================================================
Received Import Request.
  Time since last request: 0.000367 seconds.
  path: Assets/Sunny Land Forest Assets/Artwork/Sprites/enemies/piranha-plant/piranha-plant-3.png
  artifactKey: Guid(73407bdf15d64405a90f5ea731a2c67c) Importer(815301076,1909f56bfc062723c751e8b465ee728b)
Start importing Assets/Sunny Land Forest Assets/Artwork/Sprites/enemies/piranha-plant/piranha-plant-3.png using Guid(73407bdf15d64405a90f5ea731a2c67c) Importer(815301076,1909f56bfc062723c751e8b465ee728b)  -> (artifact id: '23ecdd65de9893c4389b7dee8d471807') in 0.025426 seconds
  Import took 0.030278 seconds .

========================================================================
Received Import Request.
  Time since last request: 0.000454 seconds.
  path: Assets/Sunny Land Forest Assets/Artwork/Sprites/enemies/piranha-plant/piranha-plant-2.png
  artifactKey: Guid(779577e8e1d644b05a51ae570fa9eeff) Importer(815301076,1909f56bfc062723c751e8b465ee728b)
Start importing Assets/Sunny Land Forest Assets/Artwork/Sprites/enemies/piranha-plant/piranha-plant-2.png using Guid(779577e8e1d644b05a51ae570fa9eeff) Importer(815301076,1909f56bfc062723c751e8b465ee728b)  -> (artifact id: '8657e39c89a53c2616415ac4928c7071') in 0.036567 seconds
  Import took 0.046186 seconds .

========================================================================
Received Import Request.
  Time since last request: 0.000614 seconds.
  path: Assets/Sunny Land Forest Assets/Artwork/Sprites/enemies/piranha-plant/piranha-plant-4.png
  artifactKey: Guid(515ce34f88f26422f98fead242d86dac) Importer(815301076,1909f56bfc062723c751e8b465ee728b)
Start importing Assets/Sunny Land Forest Assets/Artwork/Sprites/enemies/piranha-plant/piranha-plant-4.png using Guid(515ce34f88f26422f98fead242d86dac) Importer(815301076,1909f56bfc062723c751e8b465ee728b)  -> (artifact id: '796997e9f9e869c69766b460d9edb3fb') in 0.048709 seconds
  Import took 0.055190 seconds .

========================================================================
Received Import Request.
  Time since last request: 0.000522 seconds.
  path: Assets/Sunny Land Forest Assets/Artwork/Sprites/enemies/piranha-plant/piranha-plant-5.png
  artifactKey: Guid(994bb188db7ed4f62bdf8f9a775117dd) Importer(815301076,1909f56bfc062723c751e8b465ee728b)
Start importing Assets/Sunny Land Forest Assets/Artwork/Sprites/enemies/piranha-plant/piranha-plant-5.png using Guid(994bb188db7ed4f62bdf8f9a775117dd) Importer(815301076,1909f56bfc062723c751e8b465ee728b)  -> (artifact id: '4fc53620af84fd79acd91e9214843fe6') in 0.037081 seconds
  Import took 0.043988 seconds .

========================================================================
Received Import Request.
  Time since last request: 1.324570 seconds.
  path: Assets/Sunny Land Forest Assets/Artwork/Sprites/enemies/bee/bee-1.png
  artifactKey: Guid(b44ad350aab99416da042ed03d420869) Importer(815301076,1909f56bfc062723c751e8b465ee728b)
Start importing Assets/Sunny Land Forest Assets/Artwork/Sprites/enemies/bee/bee-1.png using Guid(b44ad350aab99416da042ed03d420869) Importer(815301076,1909f56bfc062723c751e8b465ee728b)  -> (artifact id: '648e8e45f72e04b54048bd80b262f7fc') in 0.026852 seconds
  Import took 0.036240 seconds .

========================================================================
Received Import Request.
  Time since last request: 0.000525 seconds.
  path: Assets/Sunny Land Forest Assets/Artwork/Sprites/enemies/bee/bee-7.png
  artifactKey: Guid(8e77a04c63c29476dac773c8e4af4c46) Importer(815301076,1909f56bfc062723c751e8b465ee728b)
Start importing Assets/Sunny Land Forest Assets/Artwork/Sprites/enemies/bee/bee-7.png using Guid(8e77a04c63c29476dac773c8e4af4c46) Importer(815301076,1909f56bfc062723c751e8b465ee728b)  -> (artifact id: '1c53f2f85976e5fe9606f413c6badad9') in 0.018731 seconds
  Import took 0.023895 seconds .

========================================================================
Received Import Request.
  Time since last request: 0.000780 seconds.
  path: Assets/Sunny Land Forest Assets/Artwork/Sprites/enemies/bee/bee-5.png
  artifactKey: Guid(28b10e96f632c42ac8e50d8bfa481408) Importer(815301076,1909f56bfc062723c751e8b465ee728b)
Start importing Assets/Sunny Land Forest Assets/Artwork/Sprites/enemies/bee/bee-5.png using Guid(28b10e96f632c42ac8e50d8bfa481408) Importer(815301076,1909f56bfc062723c751e8b465ee728b)  -> (artifact id: '499b74eb2b9230fa7ac8c89536836a7e') in 0.038251 seconds
  Import took 0.045733 seconds .

========================================================================
Received Import Request.
  Time since last request: 0.000434 seconds.
  path: Assets/Sunny Land Forest Assets/Artwork/Sprites/enemies/bee/bee-4.png
  artifactKey: Guid(a56580789acf348ed9fab74803ac808a) Importer(815301076,1909f56bfc062723c751e8b465ee728b)
Start importing Assets/Sunny Land Forest Assets/Artwork/Sprites/enemies/bee/bee-4.png using Guid(a56580789acf348ed9fab74803ac808a) Importer(815301076,1909f56bfc062723c751e8b465ee728b)  -> (artifact id: 'f8242a5669004ea7e371ddaa521f12af') in 0.043167 seconds
  Import took 0.048629 seconds .

========================================================================
Received Import Request.
  Time since last request: 0.000452 seconds.
  path: Assets/Sunny Land Forest Assets/Artwork/Sprites/enemies/bee/bee-3.png
  artifactKey: Guid(9ea51be9f59364c69a4655d2b329cc78) Importer(815301076,1909f56bfc062723c751e8b465ee728b)
Start importing Assets/Sunny Land Forest Assets/Artwork/Sprites/enemies/bee/bee-3.png using Guid(9ea51be9f59364c69a4655d2b329cc78) Importer(815301076,1909f56bfc062723c751e8b465ee728b)  -> (artifact id: '6221a9844a15bec9e77a18e652b7a89c') in 0.029933 seconds
  Import took 0.036890 seconds .

========================================================================
Received Import Request.
  Time since last request: 0.000446 seconds.
  path: Assets/Sunny Land Forest Assets/Artwork/Sprites/enemies/bee/bee-6.png
  artifactKey: Guid(32a52018efe8d4da0b321b889a993eee) Importer(815301076,1909f56bfc062723c751e8b465ee728b)
Start importing Assets/Sunny Land Forest Assets/Artwork/Sprites/enemies/bee/bee-6.png using Guid(32a52018efe8d4da0b321b889a993eee) Importer(815301076,1909f56bfc062723c751e8b465ee728b)  -> (artifact id: 'd118a852a8aa82868fde94c97f363333') in 0.036568 seconds
  Import took 0.043533 seconds .

========================================================================
Received Import Request.
  Time since last request: 0.000460 seconds.
  path: Assets/Sunny Land Forest Assets/Artwork/Sprites/enemies/bee/bee-8.png
  artifactKey: Guid(e8a306ff172224d878af749a5e63deee) Importer(815301076,1909f56bfc062723c751e8b465ee728b)
Start importing Assets/Sunny Land Forest Assets/Artwork/Sprites/enemies/bee/bee-8.png using Guid(e8a306ff172224d878af749a5e63deee) Importer(815301076,1909f56bfc062723c751e8b465ee728b)  -> (artifact id: '4bef1a0da7d7a55f15ebb4a86c669dc1') in 0.041756 seconds
  Import took 0.050200 seconds .

========================================================================
Received Import Request.
  Time since last request: 0.000697 seconds.
  path: Assets/Sunny Land Forest Assets/Artwork/Sprites/enemies/bee/bee-2.png
  artifactKey: Guid(48f7d4838cc984b75937d90760cd6762) Importer(815301076,1909f56bfc062723c751e8b465ee728b)
Start importing Assets/Sunny Land Forest Assets/Artwork/Sprites/enemies/bee/bee-2.png using Guid(48f7d4838cc984b75937d90760cd6762) Importer(815301076,1909f56bfc062723c751e8b465ee728b)  -> (artifact id: '337d4d47e0f4dae0cc6899d80a1b56a2') in 0.035985 seconds
  Import took 0.042428 seconds .

========================================================================
Received Import Request.
  Time since last request: 6.064267 seconds.
  path: Assets/Sunny Land Forest Assets/Artwork/Environment/props/house.png
  artifactKey: Guid(fedea871f17ee403aba600401b9d9a8d) Importer(815301076,1909f56bfc062723c751e8b465ee728b)
Start importing Assets/Sunny Land Forest Assets/Artwork/Environment/props/house.png using Guid(fedea871f17ee403aba600401b9d9a8d) Importer(815301076,1909f56bfc062723c751e8b465ee728b)  -> (artifact id: '93e4654eab595e21559aa93fa1f96dac') in 0.024333 seconds
  Import took 0.031419 seconds .

========================================================================
Received Import Request.
  Time since last request: 0.000367 seconds.
  path: Assets/Sunny Land Forest Assets/Artwork/Environment/props/mushroom-brown.png
  artifactKey: Guid(4417e5e080315474c9cf62428e4551e8) Importer(815301076,1909f56bfc062723c751e8b465ee728b)
Start importing Assets/Sunny Land Forest Assets/Artwork/Environment/props/mushroom-brown.png using Guid(4417e5e080315474c9cf62428e4551e8) Importer(815301076,1909f56bfc062723c751e8b465ee728b)  -> (artifact id: 'cdf743b34743bee9072d2e7e2886dcc3') in 0.027547 seconds
  Import took 0.033241 seconds .

========================================================================
Received Import Request.
  Time since last request: 0.000635 seconds.
  path: Assets/Sunny Land Forest Assets/Artwork/Environment/props/vine.png
  artifactKey: Guid(07e41a4feae544b6e8ce053545f68e4d) Importer(815301076,1909f56bfc062723c751e8b465ee728b)
Start importing Assets/Sunny Land Forest Assets/Artwork/Environment/props/vine.png using Guid(07e41a4feae544b6e8ce053545f68e4d) Importer(815301076,1909f56bfc062723c751e8b465ee728b)  -> (artifact id: 'e139e516294c44277239861a53affc57') in 0.060152 seconds
  Import took 0.067401 seconds .

========================================================================
Received Import Request.
  Time since last request: 0.000670 seconds.
  path: Assets/Sunny Land Forest Assets/Artwork/Environment/props/rock.png
  artifactKey: Guid(5a9da1b2511d54f8c82476e3ea9d2b85) Importer(815301076,1909f56bfc062723c751e8b465ee728b)
Start importing Assets/Sunny Land Forest Assets/Artwork/Environment/props/rock.png using Guid(5a9da1b2511d54f8c82476e3ea9d2b85) Importer(815301076,1909f56bfc062723c751e8b465ee728b)  -> (artifact id: 'd1122f8483309aac09655d8c94c38629') in 0.024381 seconds
  Import took 0.031966 seconds .

========================================================================
Received Import Request.
  Time since last request: 0.000431 seconds.
  path: Assets/Sunny Land Forest Assets/Artwork/Environment/props/plant.png
  artifactKey: Guid(5f8faaf7bc08f478fa9d600f48632355) Importer(815301076,1909f56bfc062723c751e8b465ee728b)
Start importing Assets/Sunny Land Forest Assets/Artwork/Environment/props/plant.png using Guid(5f8faaf7bc08f478fa9d600f48632355) Importer(815301076,1909f56bfc062723c751e8b465ee728b)  -> (artifact id: '66bfac3fc0fb62fb1fbfa305fec3f7f9') in 0.031096 seconds
  Import took 0.036976 seconds .

========================================================================
Received Import Request.
  Time since last request: 0.000409 seconds.
  path: Assets/Sunny Land Forest Assets/Artwork/Environment/props/tree.png
  artifactKey: Guid(da6a6286a0d4043d1b91c1d6f94bf1ef) Importer(815301076,1909f56bfc062723c751e8b465ee728b)
Start importing Assets/Sunny Land Forest Assets/Artwork/Environment/props/tree.png using Guid(da6a6286a0d4043d1b91c1d6f94bf1ef) Importer(815301076,1909f56bfc062723c751e8b465ee728b)  -> (artifact id: 'ad0146bbc184f022a15d1a503066ec0d') in 0.038352 seconds
  Import took 0.045942 seconds .

========================================================================
Received Import Request.
  Time since last request: 0.000536 seconds.
  path: Assets/Sunny Land Forest Assets/Artwork/Environment/props/mushroom-red.png
  artifactKey: Guid(6c7eac1744b6b4e10b3f1c98b84d5dbb) Importer(815301076,1909f56bfc062723c751e8b465ee728b)
Start importing Assets/Sunny Land Forest Assets/Artwork/Environment/props/mushroom-red.png using Guid(6c7eac1744b6b4e10b3f1c98b84d5dbb) Importer(815301076,1909f56bfc062723c751e8b465ee728b)  -> (artifact id: '97158b751f20d235f8ec85d3408aebfb') in 0.033175 seconds
  Import took 0.041632 seconds .

========================================================================
Received Import Request.
  Time since last request: 11.756544 seconds.
  path: Assets/Sunny Land Forest Assets/Artwork/Environment/background.png
  artifactKey: Guid(0ec7f03d689614a43ae2aeba2db954c0) Importer(815301076,1909f56bfc062723c751e8b465ee728b)
Start importing Assets/Sunny Land Forest Assets/Artwork/Environment/background.png using Guid(0ec7f03d689614a43ae2aeba2db954c0) Importer(815301076,1909f56bfc062723c751e8b465ee728b)  -> (artifact id: '054868ec56e31e9aaadb9a43315a8a8b') in 0.025723 seconds
  Import took 0.032384 seconds .

========================================================================
Received Import Request.
  Time since last request: 0.000365 seconds.
  path: Assets/Sunny Land Forest Assets/Artwork/Environment/tileset_preview.png
  artifactKey: Guid(c7023aa968e634fc886642f0d99afe29) Importer(815301076,1909f56bfc062723c751e8b465ee728b)
Start importing Assets/Sunny Land Forest Assets/Artwork/Environment/tileset_preview.png using Guid(c7023aa968e634fc886642f0d99afe29) Importer(815301076,1909f56bfc062723c751e8b465ee728b)  -> (artifact id: '95e8d577f8fffa6fffdcdca8cf8aeee5') in 0.026289 seconds
  Import took 0.030684 seconds .

========================================================================
Received Import Request.
  Time since last request: 0.000466 seconds.
  path: Assets/Sunny Land Forest Assets/Artwork/Environment/environment-preview.png
  artifactKey: Guid(a19e9edb7c8f94be391773f155002823) Importer(815301076,1909f56bfc062723c751e8b465ee728b)
Start importing Assets/Sunny Land Forest Assets/Artwork/Environment/environment-preview.png using Guid(a19e9edb7c8f94be391773f155002823) Importer(815301076,1909f56bfc062723c751e8b465ee728b)  -> (artifact id: '5f15e716d3c78687f42b37762fba17db') in 0.050029 seconds
  Import took 0.057174 seconds .

========================================================================
Received Import Request.
  Time since last request: 0.000725 seconds.
  path: Assets/Sunny Land Forest Assets/Artwork/Environment/middleground.png
  artifactKey: Guid(d826448c67ac24a828938a397a088786) Importer(815301076,1909f56bfc062723c751e8b465ee728b)
Start importing Assets/Sunny Land Forest Assets/Artwork/Environment/middleground.png using Guid(d826448c67ac24a828938a397a088786) Importer(815301076,1909f56bfc062723c751e8b465ee728b)  -> (artifact id: '2ac86403b668aabfed0e9e40a90799ed') in 0.041836 seconds
  Import took 0.050260 seconds .

========================================================================
Received Import Request.
  Time since last request: 0.000357 seconds.
  path: Assets/Sunny Land Forest Assets/Artwork/Environment/tileset.png
  artifactKey: Guid(2eeb0d4e8888f48459040781a511455e) Importer(815301076,1909f56bfc062723c751e8b465ee728b)
Start importing Assets/Sunny Land Forest Assets/Artwork/Environment/tileset.png using Guid(2eeb0d4e8888f48459040781a511455e) Importer(815301076,1909f56bfc062723c751e8b465ee728b)  -> (artifact id: 'f8438b20ae1aae5109f53ca8ad706e4b') in 0.440066 seconds
  Import took 0.448073 seconds .

========================================================================
Received Import Request.
  Time since last request: 84.494552 seconds.
  path: Assets/Sunny Land Forest Assets/Artwork/Sprites/player/player-idle
  artifactKey: Guid(aa75450c0777b4e9c8af4f5f7e0d0d4c) Importer(815301076,1909f56bfc062723c751e8b465ee728b)
Start importing Assets/Sunny Land Forest Assets/Artwork/Sprites/player/player-idle using Guid(aa75450c0777b4e9c8af4f5f7e0d0d4c) Importer(815301076,1909f56bfc062723c751e8b465ee728b)  -> (artifact id: '7e064068549354d52d47b7969ea9f67c') in 0.013992 seconds
  Import took 0.020891 seconds .

========================================================================
Received Import Request.
  Time since last request: 0.053463 seconds.
  path: Assets/Sunny Land Forest Assets/Artwork/Sprites/player/player-idle/player-idle-1.png
  artifactKey: Guid(522d916af9f7944fc9739fa8abcde570) Importer(815301076,1909f56bfc062723c751e8b465ee728b)
Start importing Assets/Sunny Land Forest Assets/Artwork/Sprites/player/player-idle/player-idle-1.png using Guid(522d916af9f7944fc9739fa8abcde570) Importer(815301076,1909f56bfc062723c751e8b465ee728b)  -> (artifact id: '6128747d4e2432ebfb24f9763c72407e') in 0.034315 seconds
  Import took 0.039952 seconds .

========================================================================
Received Import Request.
  Time since last request: 0.000491 seconds.
  path: Assets/Sunny Land Forest Assets/Artwork/Sprites/player/player-idle/player-idle-6.png
  artifactKey: Guid(79e27342c280d4c419fbd82a9ebedad6) Importer(815301076,1909f56bfc062723c751e8b465ee728b)
Start importing Assets/Sunny Land Forest Assets/Artwork/Sprites/player/player-idle/player-idle-6.png using Guid(79e27342c280d4c419fbd82a9ebedad6) Importer(815301076,1909f56bfc062723c751e8b465ee728b)  -> (artifact id: '02a2bf3937057abd4a230a9d25dc2516') in 0.050247 seconds
  Import took 0.056402 seconds .

========================================================================
Received Import Request.
  Time since last request: 0.000408 seconds.
  path: Assets/Sunny Land Forest Assets/Artwork/Sprites/player/player-idle/player-idle-4.png
  artifactKey: Guid(1b1491dd8c2cf4c53865ea93f0b1f176) Importer(815301076,1909f56bfc062723c751e8b465ee728b)
Start importing Assets/Sunny Land Forest Assets/Artwork/Sprites/player/player-idle/player-idle-4.png using Guid(1b1491dd8c2cf4c53865ea93f0b1f176) Importer(815301076,1909f56bfc062723c751e8b465ee728b)  -> (artifact id: 'ab6a1aec9bb4cc0828a82849ba49c075') in 0.034834 seconds
  Import took 0.041879 seconds .

========================================================================
Received Import Request.
  Time since last request: 0.000692 seconds.
  path: Assets/Sunny Land Forest Assets/Artwork/Sprites/player/player-idle/player-idle-9.png
  artifactKey: Guid(d3e4ae620084e4e91bf9911e65316475) Importer(815301076,1909f56bfc062723c751e8b465ee728b)
Start importing Assets/Sunny Land Forest Assets/Artwork/Sprites/player/player-idle/player-idle-9.png using Guid(d3e4ae620084e4e91bf9911e65316475) Importer(815301076,1909f56bfc062723c751e8b465ee728b)  -> (artifact id: '9032897c5b9ded140f26408220986755') in 0.030195 seconds
  Import took 0.035730 seconds .

========================================================================
Received Import Request.
  Time since last request: 0.000408 seconds.
  path: Assets/Sunny Land Forest Assets/Artwork/Sprites/player/player-idle/player-idle-7.png
  artifactKey: Guid(dee4d6fd6adcd47c6b3eaf0667614a0f) Importer(815301076,1909f56bfc062723c751e8b465ee728b)
Start importing Assets/Sunny Land Forest Assets/Artwork/Sprites/player/player-idle/player-idle-7.png using Guid(dee4d6fd6adcd47c6b3eaf0667614a0f) Importer(815301076,1909f56bfc062723c751e8b465ee728b)  -> (artifact id: 'ddfb7f48f9a51df10792cfc5564959e4') in 0.041963 seconds
  Import took 0.049297 seconds .

========================================================================
Received Import Request.
  Time since last request: 0.000473 seconds.
  path: Assets/Sunny Land Forest Assets/Artwork/Sprites/player/player-idle/player-idle-2.png
  artifactKey: Guid(de32ff31eb54442239c19b4a89962c69) Importer(815301076,1909f56bfc062723c751e8b465ee728b)
Start importing Assets/Sunny Land Forest Assets/Artwork/Sprites/player/player-idle/player-idle-2.png using Guid(de32ff31eb54442239c19b4a89962c69) Importer(815301076,1909f56bfc062723c751e8b465ee728b)  -> (artifact id: 'ce5ba3f2439e70726659335fa727c7ed') in 0.040768 seconds
  Import took 0.048969 seconds .

========================================================================
Received Import Request.
  Time since last request: 0.000461 seconds.
  path: Assets/Sunny Land Forest Assets/Artwork/Sprites/player/player-idle/player-idle-8.png
  artifactKey: Guid(2594a7d7126c04e0786f0de669bab9b0) Importer(815301076,1909f56bfc062723c751e8b465ee728b)
Start importing Assets/Sunny Land Forest Assets/Artwork/Sprites/player/player-idle/player-idle-8.png using Guid(2594a7d7126c04e0786f0de669bab9b0) Importer(815301076,1909f56bfc062723c751e8b465ee728b)  -> (artifact id: '0a9ba7987180f9c6ac49c18eeb9a02fd') in 0.042831 seconds
  Import took 0.053875 seconds .

========================================================================
Received Import Request.
  Time since last request: 0.000907 seconds.
  path: Assets/Sunny Land Forest Assets/Artwork/Sprites/player/player-idle/player-idle-5.png
  artifactKey: Guid(89f9ee1736858413cb41cb23f36f4467) Importer(815301076,1909f56bfc062723c751e8b465ee728b)
Start importing Assets/Sunny Land Forest Assets/Artwork/Sprites/player/player-idle/player-idle-5.png using Guid(89f9ee1736858413cb41cb23f36f4467) Importer(815301076,1909f56bfc062723c751e8b465ee728b)  -> (artifact id: '39cf3530a97c69e0a74abbf2b8651a49') in 0.032831 seconds
  Import took 0.041816 seconds .

========================================================================
Received Import Request.
  Time since last request: 0.000671 seconds.
  path: Assets/Sunny Land Forest Assets/Artwork/Sprites/player/player-idle/player-idle-3.png
  artifactKey: Guid(006c5f8a9c14a4deeae282597594213b) Importer(815301076,1909f56bfc062723c751e8b465ee728b)
Start importing Assets/Sunny Land Forest Assets/Artwork/Sprites/player/player-idle/player-idle-3.png using Guid(006c5f8a9c14a4deeae282597594213b) Importer(815301076,1909f56bfc062723c751e8b465ee728b)  -> (artifact id: '1dcfc621f7ac85b0bb15b74a5816fca8') in 0.036481 seconds
  Import took 0.045288 seconds .

========================================================================
Received Prepare
Registering precompiled user dll's ...
Registered in 0.002306 seconds.
Begin MonoManager ReloadAssembly
Native extension for WindowsStandalone target not found
Refreshing native plugins compatible for Editor in 0.51 ms, found 1 plugins.
Preloading 0 native plugins for Editor in 0.00 ms.
Mono: successfully reloaded assembly
- Completed reload, in  1.952 seconds
Platform modules already initialized, skipping
Refreshing native plugins compatible for Editor in 0.57 ms, found 1 plugins.
Preloading 0 native plugins for Editor in 0.00 ms.
Unloading 1803 Unused Serialized files (Serialized files now loaded: 0)
System memory in use before: 88.3 MB.
System memory in use after: 88.3 MB.

Unloading 12 unused Assets to reduce memory usage. Loaded Objects now: 2338.
Total: 3.459500 ms (FindLiveObjects: 0.518500 ms CreateObjectMapping: 0.162400 ms MarkObjects: 2.592300 ms  DeleteObjects: 0.184600 ms)

AssetImportWorkerClient::OnTransportError - code=2 error=End of file
